INFO  @ Tue, 06 Oct 2020 10:47:25:
	 Cut Points from guide seq:[102] 

INFO  @ Tue, 06 Oct 2020 10:47:25:
	 Creating Folder /lustre/scratch117/sciops/team87/MiSeq/miseq_093/S5_expCHAC2_Exon3/CRISPResso_on_5_S5_L001_R1_001_5_S5_L001_R2_001 

INFO  @ Tue, 06 Oct 2020 10:47:25:
	 Done! 

INFO  @ Tue, 06 Oct 2020 10:47:25:
	 Estimating average read length... 

INFO  @ Tue, 06 Oct 2020 10:47:25:
	 Merging paired sequences with Flash... 

INFO  @ Tue, 06 Oct 2020 10:47:27:
	 Done! 

INFO  @ Tue, 06 Oct 2020 10:47:27:
	 Preparing files for the alignment... 

INFO  @ Tue, 06 Oct 2020 10:47:27:
	 Done! 

INFO  @ Tue, 06 Oct 2020 10:47:27:
	 Gathering Phred33 qualities 

INFO  @ Tue, 06 Oct 2020 10:47:29:
	 Aligning sequences... 

INFO  @ Tue, 06 Oct 2020 10:48:11:
	 Align sequences to reverse complement of the amplicon... 

INFO  @ Tue, 06 Oct 2020 10:48:11:
	 Done! 

INFO  @ Tue, 06 Oct 2020 10:48:53:
	 Quantifying indels/substitutions... 

CRITICAL @ Tue, 06 Oct 2020 10:48:53:
	 Alignment error, please check your input.

ERROR: Zero sequences aligned, please check your amplicon sequence 

