INFO  @ Tue, 06 Oct 2020 10:46:27:
	 Cut Points from guide seq:[127] 

INFO  @ Tue, 06 Oct 2020 10:46:27:
	 Creating Folder /lustre/scratch117/sciops/team87/MiSeq/miseq_093/S17_expCTNNB1_4/CRISPResso_on_17_S17_L001_R1_001_17_S17_L001_R2_001 

INFO  @ Tue, 06 Oct 2020 10:46:27:
	 Done! 

INFO  @ Tue, 06 Oct 2020 10:46:27:
	 Estimating average read length... 

INFO  @ Tue, 06 Oct 2020 10:46:28:
	 Merging paired sequences with Flash... 

INFO  @ Tue, 06 Oct 2020 10:46:31:
	 Done! 

INFO  @ Tue, 06 Oct 2020 10:46:31:
	 Preparing files for the alignment... 

INFO  @ Tue, 06 Oct 2020 10:46:31:
	 Done! 

INFO  @ Tue, 06 Oct 2020 10:46:31:
	 Gathering Phred33 qualities 

INFO  @ Tue, 06 Oct 2020 10:46:35:
	 Aligning sequences... 

INFO  @ Tue, 06 Oct 2020 10:48:12:
	 Align sequences to reverse complement of the amplicon... 

INFO  @ Tue, 06 Oct 2020 10:48:12:
	 Done! 

INFO  @ Tue, 06 Oct 2020 10:49:32:
	 Quantifying indels/substitutions... 

INFO  @ Tue, 06 Oct 2020 10:50:27:
	 Done! 

INFO  @ Tue, 06 Oct 2020 10:50:27:
	 Calculating indel distribution based on the length of the reads... 

INFO  @ Tue, 06 Oct 2020 10:50:28:
	 Done! 

INFO  @ Tue, 06 Oct 2020 10:50:28:
	 Reacquainting Read IDs with Phred33 Qualities 

INFO  @ Tue, 06 Oct 2020 10:50:47:
	 Calculating alleles frequencies... 

INFO  @ Tue, 06 Oct 2020 10:50:55:
	 Done! 

INFO  @ Tue, 06 Oct 2020 10:50:55:
	 Making Plots... 

/nfs/users/nfs_b/bs15/.local/lib/python2.7/site-packages/matplotlib/cbook/deprecation.py:107: MatplotlibDeprecationWarning: stem() got an unexpected keyword argument 'lw'. This will raise a TypeError in future versions.
  warnings.warn(message, mplDeprecation, stacklevel=1)
INFO  @ Tue, 06 Oct 2020 10:51:21:
	 Done! 

INFO  @ Tue, 06 Oct 2020 10:51:21:
	 Removing Intermediate files... 

INFO  @ Tue, 06 Oct 2020 10:51:21:
	 Saving processed data... 

INFO  @ Tue, 06 Oct 2020 10:51:22:
	 All Done! 

