INFO  @ Tue, 06 Oct 2020 10:47:22:
	 Cut Points from guide seq:[169] 

INFO  @ Tue, 06 Oct 2020 10:47:22:
	 Creating Folder /lustre/scratch117/sciops/team87/MiSeq/miseq_093/S186_expHUEDQ0559_CTCF_1/CRISPResso_on_186_S186_L001_R1_001_186_S186_L001_R2_001 

INFO  @ Tue, 06 Oct 2020 10:47:22:
	 Done! 

INFO  @ Tue, 06 Oct 2020 10:47:22:
	 Estimating average read length... 

INFO  @ Tue, 06 Oct 2020 10:47:22:
	 Merging paired sequences with Flash... 

INFO  @ Tue, 06 Oct 2020 10:47:22:
	 Done! 

INFO  @ Tue, 06 Oct 2020 10:47:22:
	 Preparing files for the alignment... 

INFO  @ Tue, 06 Oct 2020 10:47:22:
	 Done! 

INFO  @ Tue, 06 Oct 2020 10:47:22:
	 Gathering Phred33 qualities 

INFO  @ Tue, 06 Oct 2020 10:47:22:
	 Aligning sequences... 

INFO  @ Tue, 06 Oct 2020 10:47:22:
	 Align sequences to reverse complement of the amplicon... 

INFO  @ Tue, 06 Oct 2020 10:47:22:
	 Done! 

INFO  @ Tue, 06 Oct 2020 10:47:22:
	 Quantifying indels/substitutions... 

CRITICAL @ Tue, 06 Oct 2020 10:47:22:
	 Alignment error, please check your input.

ERROR: Zero sequences aligned, please check your amplicon sequence 

