INFO  @ Tue, 06 Oct 2020 10:47:05:
	 Cut Points from guide seq:[117] 

INFO  @ Tue, 06 Oct 2020 10:47:05:
	 Creating Folder /lustre/scratch117/sciops/team87/MiSeq/miseq_093/S150_expHUEDQ0559_CREBBP_3/CRISPResso_on_150_S150_L001_R1_001_150_S150_L001_R2_001 

INFO  @ Tue, 06 Oct 2020 10:47:05:
	 Done! 

INFO  @ Tue, 06 Oct 2020 10:47:05:
	 Estimating average read length... 

INFO  @ Tue, 06 Oct 2020 10:47:05:
	 Merging paired sequences with Flash... 

INFO  @ Tue, 06 Oct 2020 10:47:06:
	 Done! 

INFO  @ Tue, 06 Oct 2020 10:47:06:
	 Preparing files for the alignment... 

INFO  @ Tue, 06 Oct 2020 10:47:06:
	 Done! 

INFO  @ Tue, 06 Oct 2020 10:47:06:
	 Gathering Phred33 qualities 

INFO  @ Tue, 06 Oct 2020 10:47:07:
	 Aligning sequences... 

INFO  @ Tue, 06 Oct 2020 10:47:33:
	 Align sequences to reverse complement of the amplicon... 

INFO  @ Tue, 06 Oct 2020 10:47:33:
	 Done! 

INFO  @ Tue, 06 Oct 2020 10:47:58:
	 Quantifying indels/substitutions... 

INFO  @ Tue, 06 Oct 2020 10:47:58:
	 Done! 

INFO  @ Tue, 06 Oct 2020 10:47:58:
	 Calculating indel distribution based on the length of the reads... 

INFO  @ Tue, 06 Oct 2020 10:47:58:
	 Done! 

INFO  @ Tue, 06 Oct 2020 10:47:58:
	 Reacquainting Read IDs with Phred33 Qualities 

INFO  @ Tue, 06 Oct 2020 10:47:58:
	 Calculating alleles frequencies... 

INFO  @ Tue, 06 Oct 2020 10:47:59:
	 Done! 

INFO  @ Tue, 06 Oct 2020 10:47:59:
	 Making Plots... 

/nfs/users/nfs_b/bs15/.local/lib/python2.7/site-packages/matplotlib/cbook/deprecation.py:107: MatplotlibDeprecationWarning: stem() got an unexpected keyword argument 'lw'. This will raise a TypeError in future versions.
  warnings.warn(message, mplDeprecation, stacklevel=1)
INFO  @ Tue, 06 Oct 2020 10:48:14:
	 Done! 

INFO  @ Tue, 06 Oct 2020 10:48:14:
	 Removing Intermediate files... 

INFO  @ Tue, 06 Oct 2020 10:48:14:
	 Saving processed data... 

INFO  @ Tue, 06 Oct 2020 10:48:15:
	 All Done! 

