INFO  @ Thu, 08 Oct 2020 12:56:43:
	 Cut Points from guide seq:[53] 

INFO  @ Thu, 08 Oct 2020 12:56:43:
	 Creating Folder /lustre/scratch117/sciops/team87/MiSeq/miseq_093/S7_expCHAC2_DD/CRISPResso_on_7_S7_L001_R1_001_7_S7_L001_R2_001 

INFO  @ Thu, 08 Oct 2020 12:56:43:
	 Done! 

INFO  @ Thu, 08 Oct 2020 12:56:43:
	 Estimating average read length... 

INFO  @ Thu, 08 Oct 2020 12:56:43:
	 Merging paired sequences with Flash... 

INFO  @ Thu, 08 Oct 2020 12:56:45:
	 Done! 

INFO  @ Thu, 08 Oct 2020 12:56:46:
	 Preparing files for the alignment... 

INFO  @ Thu, 08 Oct 2020 12:56:46:
	 Done! 

INFO  @ Thu, 08 Oct 2020 12:56:46:
	 Gathering Phred33 qualities 

INFO  @ Thu, 08 Oct 2020 12:56:50:
	 Aligning sequences... 

INFO  @ Thu, 08 Oct 2020 12:59:02:
	 Done! 

INFO  @ Thu, 08 Oct 2020 12:59:10:
	 Align sequences to reverse complement of the amplicon... 

INFO  @ Thu, 08 Oct 2020 12:59:10:
	 Done! 

INFO  @ Thu, 08 Oct 2020 13:01:18:
	 Quantifying indels/substitutions... 

CRITICAL @ Thu, 08 Oct 2020 13:01:18:
	 Alignment error, please check your input.

ERROR: Zero sequences aligned, please check your amplicon sequence 

