INFO  @ Tue, 06 Oct 2020 10:46:28:
	 Cut Points from guide seq:[99] 

INFO  @ Tue, 06 Oct 2020 10:46:28:
	 Creating Folder /lustre/scratch117/sciops/team87/MiSeq/miseq_093/S34_expSETD5_2/CRISPResso_on_34_S34_L001_R1_001_34_S34_L001_R2_001 

INFO  @ Tue, 06 Oct 2020 10:46:28:
	 Done! 

INFO  @ Tue, 06 Oct 2020 10:46:28:
	 Estimating average read length... 

INFO  @ Tue, 06 Oct 2020 10:46:28:
	 Merging paired sequences with Flash... 

INFO  @ Tue, 06 Oct 2020 10:46:30:
	 Done! 

INFO  @ Tue, 06 Oct 2020 10:46:31:
	 Preparing files for the alignment... 

INFO  @ Tue, 06 Oct 2020 10:46:31:
	 Done! 

INFO  @ Tue, 06 Oct 2020 10:46:31:
	 Gathering Phred33 qualities 

INFO  @ Tue, 06 Oct 2020 10:46:33:
	 Aligning sequences... 

INFO  @ Tue, 06 Oct 2020 10:47:46:
	 Align sequences to reverse complement of the amplicon... 

INFO  @ Tue, 06 Oct 2020 10:47:46:
	 Done! 

INFO  @ Tue, 06 Oct 2020 10:48:39:
	 Quantifying indels/substitutions... 

INFO  @ Tue, 06 Oct 2020 10:48:50:
	 Done! 

INFO  @ Tue, 06 Oct 2020 10:48:50:
	 Calculating indel distribution based on the length of the reads... 

INFO  @ Tue, 06 Oct 2020 10:48:51:
	 Done! 

INFO  @ Tue, 06 Oct 2020 10:48:51:
	 Reacquainting Read IDs with Phred33 Qualities 

INFO  @ Tue, 06 Oct 2020 10:49:10:
	 Calculating alleles frequencies... 

INFO  @ Tue, 06 Oct 2020 10:49:16:
	 Done! 

INFO  @ Tue, 06 Oct 2020 10:49:16:
	 Making Plots... 

/nfs/users/nfs_b/bs15/.local/lib/python2.7/site-packages/matplotlib/cbook/deprecation.py:107: MatplotlibDeprecationWarning: stem() got an unexpected keyword argument 'lw'. This will raise a TypeError in future versions.
  warnings.warn(message, mplDeprecation, stacklevel=1)
INFO  @ Tue, 06 Oct 2020 10:49:46:
	 Done! 

INFO  @ Tue, 06 Oct 2020 10:49:46:
	 Removing Intermediate files... 

INFO  @ Tue, 06 Oct 2020 10:49:46:
	 Saving processed data... 

INFO  @ Tue, 06 Oct 2020 10:49:47:
	 All Done! 

