INFO  @ Tue, 06 Oct 2020 10:46:46:
	 Cut Points from guide seq:[107] 

INFO  @ Tue, 06 Oct 2020 10:46:46:
	 Creating Folder /lustre/scratch117/sciops/team87/MiSeq/miseq_093/S183_expHUEDQ0559_KMT5B_2/CRISPResso_on_183_S183_L001_R1_001_183_S183_L001_R2_001 

INFO  @ Tue, 06 Oct 2020 10:46:46:
	 Done! 

INFO  @ Tue, 06 Oct 2020 10:46:46:
	 Estimating average read length... 

INFO  @ Tue, 06 Oct 2020 10:46:46:
	 Merging paired sequences with Flash... 

INFO  @ Tue, 06 Oct 2020 10:46:46:
	 Done! 

INFO  @ Tue, 06 Oct 2020 10:46:47:
	 Preparing files for the alignment... 

INFO  @ Tue, 06 Oct 2020 10:46:47:
	 Done! 

INFO  @ Tue, 06 Oct 2020 10:46:47:
	 Gathering Phred33 qualities 

INFO  @ Tue, 06 Oct 2020 10:46:47:
	 Aligning sequences... 

INFO  @ Tue, 06 Oct 2020 10:46:47:
	 Align sequences to reverse complement of the amplicon... 

INFO  @ Tue, 06 Oct 2020 10:46:47:
	 Done! 

INFO  @ Tue, 06 Oct 2020 10:46:47:
	 Quantifying indels/substitutions... 

CRITICAL @ Tue, 06 Oct 2020 10:46:47:
	 Alignment error, please check your input.

ERROR: Zero sequences aligned, please check your amplicon sequence 

