INFO  @ Thu, 08 Oct 2020 12:56:36:
	 Cut Points from guide seq:[53] 

INFO  @ Thu, 08 Oct 2020 12:56:36:
	 Creating Folder /lustre/scratch117/sciops/team87/MiSeq/miseq_093/S33_expCHAC2_DD/CRISPResso_on_33_S33_L001_R1_001_33_S33_L001_R2_001 

INFO  @ Thu, 08 Oct 2020 12:56:36:
	 Done! 

INFO  @ Thu, 08 Oct 2020 12:56:36:
	 Estimating average read length... 

INFO  @ Thu, 08 Oct 2020 12:56:37:
	 Merging paired sequences with Flash... 

INFO  @ Thu, 08 Oct 2020 12:56:37:
	 Done! 

INFO  @ Thu, 08 Oct 2020 12:56:37:
	 Preparing files for the alignment... 

INFO  @ Thu, 08 Oct 2020 12:56:37:
	 Done! 

INFO  @ Thu, 08 Oct 2020 12:56:37:
	 Gathering Phred33 qualities 

INFO  @ Thu, 08 Oct 2020 12:56:38:
	 Aligning sequences... 

INFO  @ Thu, 08 Oct 2020 12:57:06:
	 Done! 

INFO  @ Thu, 08 Oct 2020 12:57:08:
	 Align sequences to reverse complement of the amplicon... 

INFO  @ Thu, 08 Oct 2020 12:57:08:
	 Done! 

INFO  @ Thu, 08 Oct 2020 12:57:36:
	 Quantifying indels/substitutions... 

CRITICAL @ Thu, 08 Oct 2020 12:57:36:
	 Alignment error, please check your input.

ERROR: Zero sequences aligned, please check your amplicon sequence 

