INFO  @ Tue, 06 Oct 2020 10:47:37:
	 Cut Points from guide seq:[102] 

INFO  @ Tue, 06 Oct 2020 10:47:37:
	 Creating Folder /lustre/scratch117/sciops/team87/MiSeq/miseq_093/S18_expCHAC2_Exon3/CRISPResso_on_18_S18_L001_R1_001_18_S18_L001_R2_001 

INFO  @ Tue, 06 Oct 2020 10:47:37:
	 Done! 

INFO  @ Tue, 06 Oct 2020 10:47:37:
	 Estimating average read length... 

INFO  @ Tue, 06 Oct 2020 10:47:38:
	 Merging paired sequences with Flash... 

INFO  @ Tue, 06 Oct 2020 10:47:40:
	 Done! 

INFO  @ Tue, 06 Oct 2020 10:47:40:
	 Preparing files for the alignment... 

INFO  @ Tue, 06 Oct 2020 10:47:40:
	 Done! 

INFO  @ Tue, 06 Oct 2020 10:47:40:
	 Gathering Phred33 qualities 

INFO  @ Tue, 06 Oct 2020 10:47:43:
	 Aligning sequences... 

INFO  @ Tue, 06 Oct 2020 10:48:43:
	 Align sequences to reverse complement of the amplicon... 

INFO  @ Tue, 06 Oct 2020 10:48:43:
	 Done! 

INFO  @ Tue, 06 Oct 2020 10:49:42:
	 Quantifying indels/substitutions... 

CRITICAL @ Tue, 06 Oct 2020 10:49:42:
	 Alignment error, please check your input.

ERROR: Zero sequences aligned, please check your amplicon sequence 

