INFO  @ Thu, 08 Oct 2020 12:56:44:
	 Cut Points from guide seq:[53] 

INFO  @ Thu, 08 Oct 2020 12:56:44:
	 Creating Folder /lustre/scratch117/sciops/team87/MiSeq/miseq_093/S72_expCHAC2_DD/CRISPResso_on_72_S72_L001_R1_001_72_S72_L001_R2_001 

INFO  @ Thu, 08 Oct 2020 12:56:44:
	 Done! 

INFO  @ Thu, 08 Oct 2020 12:56:44:
	 Estimating average read length... 

INFO  @ Thu, 08 Oct 2020 12:56:45:
	 Merging paired sequences with Flash... 

INFO  @ Thu, 08 Oct 2020 12:56:47:
	 Done! 

INFO  @ Thu, 08 Oct 2020 12:56:47:
	 Preparing files for the alignment... 

INFO  @ Thu, 08 Oct 2020 12:56:47:
	 Done! 

INFO  @ Thu, 08 Oct 2020 12:56:47:
	 Gathering Phred33 qualities 

INFO  @ Thu, 08 Oct 2020 12:56:50:
	 Aligning sequences... 

INFO  @ Thu, 08 Oct 2020 12:58:18:
	 Done! 

INFO  @ Thu, 08 Oct 2020 12:58:23:
	 Align sequences to reverse complement of the amplicon... 

INFO  @ Thu, 08 Oct 2020 12:58:23:
	 Done! 

INFO  @ Thu, 08 Oct 2020 12:59:55:
	 Quantifying indels/substitutions... 

CRITICAL @ Thu, 08 Oct 2020 12:59:55:
	 Alignment error, please check your input.

ERROR: Zero sequences aligned, please check your amplicon sequence 

