INFO  @ Tue, 06 Oct 2020 10:46:27:
	 Cut Points from guide seq:[127] 

INFO  @ Tue, 06 Oct 2020 10:46:27:
	 Creating Folder /lustre/scratch117/sciops/team87/MiSeq/miseq_093/S38_expCTNNB1_4/CRISPResso_on_38_S38_L001_R1_001_38_S38_L001_R2_001 

INFO  @ Tue, 06 Oct 2020 10:46:27:
	 Done! 

INFO  @ Tue, 06 Oct 2020 10:46:27:
	 Estimating average read length... 

INFO  @ Tue, 06 Oct 2020 10:46:28:
	 Merging paired sequences with Flash... 

INFO  @ Tue, 06 Oct 2020 10:46:32:
	 Done! 

INFO  @ Tue, 06 Oct 2020 10:46:33:
	 Preparing files for the alignment... 

INFO  @ Tue, 06 Oct 2020 10:46:33:
	 Done! 

INFO  @ Tue, 06 Oct 2020 10:46:33:
	 Gathering Phred33 qualities 

INFO  @ Tue, 06 Oct 2020 10:46:38:
	 Aligning sequences... 

INFO  @ Tue, 06 Oct 2020 10:48:51:
	 Align sequences to reverse complement of the amplicon... 

INFO  @ Tue, 06 Oct 2020 10:48:51:
	 Done! 

INFO  @ Tue, 06 Oct 2020 10:50:44:
	 Quantifying indels/substitutions... 

INFO  @ Tue, 06 Oct 2020 10:51:35:
	 Done! 

INFO  @ Tue, 06 Oct 2020 10:51:35:
	 Calculating indel distribution based on the length of the reads... 

INFO  @ Tue, 06 Oct 2020 10:51:36:
	 Done! 

INFO  @ Tue, 06 Oct 2020 10:51:36:
	 Reacquainting Read IDs with Phred33 Qualities 

INFO  @ Tue, 06 Oct 2020 10:51:53:
	 Calculating alleles frequencies... 

INFO  @ Tue, 06 Oct 2020 10:51:59:
	 Done! 

INFO  @ Tue, 06 Oct 2020 10:51:59:
	 Making Plots... 

/nfs/users/nfs_b/bs15/.local/lib/python2.7/site-packages/matplotlib/cbook/deprecation.py:107: MatplotlibDeprecationWarning: stem() got an unexpected keyword argument 'lw'. This will raise a TypeError in future versions.
  warnings.warn(message, mplDeprecation, stacklevel=1)
INFO  @ Tue, 06 Oct 2020 10:52:26:
	 Done! 

INFO  @ Tue, 06 Oct 2020 10:52:26:
	 Removing Intermediate files... 

INFO  @ Tue, 06 Oct 2020 10:52:27:
	 Saving processed data... 

INFO  @ Tue, 06 Oct 2020 10:52:27:
	 All Done! 

