INFO  @ Tue, 06 Oct 2020 10:47:25:
	 Cut Points from guide seq:[169] 

INFO  @ Tue, 06 Oct 2020 10:47:25:
	 Creating Folder /lustre/scratch117/sciops/team87/MiSeq/miseq_093/S179_expHUEDQ0559_CTCF_1/CRISPResso_on_179_S179_L001_R1_001_179_S179_L001_R2_001 

INFO  @ Tue, 06 Oct 2020 10:47:25:
	 Done! 

INFO  @ Tue, 06 Oct 2020 10:47:25:
	 Estimating average read length... 

INFO  @ Tue, 06 Oct 2020 10:47:25:
	 Merging paired sequences with Flash... 

INFO  @ Tue, 06 Oct 2020 10:47:25:
	 Done! 

INFO  @ Tue, 06 Oct 2020 10:47:25:
	 Preparing files for the alignment... 

INFO  @ Tue, 06 Oct 2020 10:47:25:
	 Done! 

INFO  @ Tue, 06 Oct 2020 10:47:25:
	 Gathering Phred33 qualities 

INFO  @ Tue, 06 Oct 2020 10:47:25:
	 Aligning sequences... 

INFO  @ Tue, 06 Oct 2020 10:47:25:
	 Align sequences to reverse complement of the amplicon... 

INFO  @ Tue, 06 Oct 2020 10:47:25:
	 Done! 

INFO  @ Tue, 06 Oct 2020 10:47:25:
	 Quantifying indels/substitutions... 

CRITICAL @ Tue, 06 Oct 2020 10:47:25:
	 Alignment error, please check your input.

ERROR: Zero sequences aligned, please check your amplicon sequence 

