INFO  @ Tue, 06 Oct 2020 10:47:30:
	 Cut Points from guide seq:[102] 

INFO  @ Tue, 06 Oct 2020 10:47:30:
	 Creating Folder /lustre/scratch117/sciops/team87/MiSeq/miseq_093/S14_expCHAC2_Exon3/CRISPResso_on_14_S14_L001_R1_001_14_S14_L001_R2_001 

INFO  @ Tue, 06 Oct 2020 10:47:30:
	 Done! 

INFO  @ Tue, 06 Oct 2020 10:47:30:
	 Estimating average read length... 

INFO  @ Tue, 06 Oct 2020 10:47:30:
	 Merging paired sequences with Flash... 

INFO  @ Tue, 06 Oct 2020 10:47:32:
	 Done! 

INFO  @ Tue, 06 Oct 2020 10:47:32:
	 Preparing files for the alignment... 

INFO  @ Tue, 06 Oct 2020 10:47:32:
	 Done! 

INFO  @ Tue, 06 Oct 2020 10:47:32:
	 Gathering Phred33 qualities 

INFO  @ Tue, 06 Oct 2020 10:47:35:
	 Aligning sequences... 

INFO  @ Tue, 06 Oct 2020 10:48:25:
	 Align sequences to reverse complement of the amplicon... 

INFO  @ Tue, 06 Oct 2020 10:48:25:
	 Done! 

INFO  @ Tue, 06 Oct 2020 10:49:19:
	 Quantifying indels/substitutions... 

CRITICAL @ Tue, 06 Oct 2020 10:49:19:
	 Alignment error, please check your input.

ERROR: Zero sequences aligned, please check your amplicon sequence 

