INFO  @ Thu, 08 Oct 2020 12:56:40:
	 Cut Points from guide seq:[53] 

INFO  @ Thu, 08 Oct 2020 12:56:40:
	 Creating Folder /lustre/scratch117/sciops/team87/MiSeq/miseq_093/S92_expCHAC2_DD/CRISPResso_on_92_S92_L001_R1_001_92_S92_L001_R2_001 

INFO  @ Thu, 08 Oct 2020 12:56:40:
	 Done! 

INFO  @ Thu, 08 Oct 2020 12:56:40:
	 Estimating average read length... 

INFO  @ Thu, 08 Oct 2020 12:56:40:
	 Merging paired sequences with Flash... 

INFO  @ Thu, 08 Oct 2020 12:56:41:
	 Done! 

INFO  @ Thu, 08 Oct 2020 12:56:41:
	 Preparing files for the alignment... 

INFO  @ Thu, 08 Oct 2020 12:56:41:
	 Done! 

INFO  @ Thu, 08 Oct 2020 12:56:41:
	 Gathering Phred33 qualities 

INFO  @ Thu, 08 Oct 2020 12:56:42:
	 Aligning sequences... 

INFO  @ Thu, 08 Oct 2020 12:57:05:
	 Done! 

INFO  @ Thu, 08 Oct 2020 12:57:07:
	 Align sequences to reverse complement of the amplicon... 

INFO  @ Thu, 08 Oct 2020 12:57:07:
	 Done! 

INFO  @ Thu, 08 Oct 2020 12:57:31:
	 Quantifying indels/substitutions... 

CRITICAL @ Thu, 08 Oct 2020 12:57:31:
	 Alignment error, please check your input.

ERROR: Zero sequences aligned, please check your amplicon sequence 

