INFO  @ Thu, 08 Oct 2020 12:56:39:
	 Cut Points from guide seq:[53] 

INFO  @ Thu, 08 Oct 2020 12:56:39:
	 Creating Folder /lustre/scratch117/sciops/team87/MiSeq/miseq_093/S23_expCHAC2_DD/CRISPResso_on_23_S23_L001_R1_001_23_S23_L001_R2_001 

INFO  @ Thu, 08 Oct 2020 12:56:39:
	 Done! 

INFO  @ Thu, 08 Oct 2020 12:56:39:
	 Estimating average read length... 

INFO  @ Thu, 08 Oct 2020 12:56:39:
	 Merging paired sequences with Flash... 

INFO  @ Thu, 08 Oct 2020 12:56:41:
	 Done! 

INFO  @ Thu, 08 Oct 2020 12:56:41:
	 Preparing files for the alignment... 

INFO  @ Thu, 08 Oct 2020 12:56:41:
	 Done! 

INFO  @ Thu, 08 Oct 2020 12:56:41:
	 Gathering Phred33 qualities 

INFO  @ Thu, 08 Oct 2020 12:56:42:
	 Aligning sequences... 

INFO  @ Thu, 08 Oct 2020 12:57:20:
	 Done! 

INFO  @ Thu, 08 Oct 2020 12:57:22:
	 Align sequences to reverse complement of the amplicon... 

INFO  @ Thu, 08 Oct 2020 12:57:22:
	 Done! 

INFO  @ Thu, 08 Oct 2020 12:58:01:
	 Quantifying indels/substitutions... 

CRITICAL @ Thu, 08 Oct 2020 12:58:01:
	 Alignment error, please check your input.

ERROR: Zero sequences aligned, please check your amplicon sequence 

