INFO  @ Tue, 06 Oct 2020 10:48:47:
	 Cut Points from guide seq:[87] 

INFO  @ Tue, 06 Oct 2020 10:48:47:
	 Creating Folder /lustre/scratch117/sciops/team87/MiSeq/miseq_093/S13_expKMT2A_1/CRISPResso_on_13_S13_L001_R1_001_13_S13_L001_R2_001 

INFO  @ Tue, 06 Oct 2020 10:48:47:
	 Done! 

INFO  @ Tue, 06 Oct 2020 10:48:47:
	 Estimating average read length... 

INFO  @ Tue, 06 Oct 2020 10:48:48:
	 Merging paired sequences with Flash... 

INFO  @ Tue, 06 Oct 2020 10:48:49:
	 Done! 

INFO  @ Tue, 06 Oct 2020 10:48:50:
	 Preparing files for the alignment... 

INFO  @ Tue, 06 Oct 2020 10:48:50:
	 Done! 

INFO  @ Tue, 06 Oct 2020 10:48:50:
	 Gathering Phred33 qualities 

INFO  @ Tue, 06 Oct 2020 10:48:51:
	 Aligning sequences... 

INFO  @ Tue, 06 Oct 2020 10:49:44:
	 Align sequences to reverse complement of the amplicon... 

INFO  @ Tue, 06 Oct 2020 10:49:44:
	 Done! 

INFO  @ Tue, 06 Oct 2020 10:50:22:
	 Quantifying indels/substitutions... 

INFO  @ Tue, 06 Oct 2020 10:50:27:
	 Done! 

INFO  @ Tue, 06 Oct 2020 10:50:27:
	 Calculating indel distribution based on the length of the reads... 

INFO  @ Tue, 06 Oct 2020 10:50:28:
	 Done! 

INFO  @ Tue, 06 Oct 2020 10:50:28:
	 Reacquainting Read IDs with Phred33 Qualities 

INFO  @ Tue, 06 Oct 2020 10:50:36:
	 Calculating alleles frequencies... 

INFO  @ Tue, 06 Oct 2020 10:50:40:
	 Done! 

INFO  @ Tue, 06 Oct 2020 10:50:40:
	 Making Plots... 

/nfs/users/nfs_b/bs15/.local/lib/python2.7/site-packages/matplotlib/cbook/deprecation.py:107: MatplotlibDeprecationWarning: stem() got an unexpected keyword argument 'lw'. This will raise a TypeError in future versions.
  warnings.warn(message, mplDeprecation, stacklevel=1)
INFO  @ Tue, 06 Oct 2020 10:51:05:
	 Done! 

INFO  @ Tue, 06 Oct 2020 10:51:05:
	 Removing Intermediate files... 

INFO  @ Tue, 06 Oct 2020 10:51:05:
	 Saving processed data... 

INFO  @ Tue, 06 Oct 2020 10:51:05:
	 All Done! 

