INFO  @ Tue, 06 Oct 2020 10:47:33:
	 Cut Points from guide seq:[102] 

INFO  @ Tue, 06 Oct 2020 10:47:33:
	 Creating Folder /lustre/scratch117/sciops/team87/MiSeq/miseq_093/S35_expCHAC2_Exon3/CRISPResso_on_35_S35_L001_R1_001_35_S35_L001_R2_001 

INFO  @ Tue, 06 Oct 2020 10:47:33:
	 Done! 

INFO  @ Tue, 06 Oct 2020 10:47:33:
	 Estimating average read length... 

INFO  @ Tue, 06 Oct 2020 10:47:34:
	 Merging paired sequences with Flash... 

INFO  @ Tue, 06 Oct 2020 10:47:35:
	 Done! 

INFO  @ Tue, 06 Oct 2020 10:47:35:
	 Preparing files for the alignment... 

INFO  @ Tue, 06 Oct 2020 10:47:35:
	 Done! 

INFO  @ Tue, 06 Oct 2020 10:47:35:
	 Gathering Phred33 qualities 

INFO  @ Tue, 06 Oct 2020 10:47:37:
	 Aligning sequences... 

INFO  @ Tue, 06 Oct 2020 10:48:05:
	 Align sequences to reverse complement of the amplicon... 

INFO  @ Tue, 06 Oct 2020 10:48:05:
	 Done! 

INFO  @ Tue, 06 Oct 2020 10:48:32:
	 Quantifying indels/substitutions... 

CRITICAL @ Tue, 06 Oct 2020 10:48:32:
	 Alignment error, please check your input.

ERROR: Zero sequences aligned, please check your amplicon sequence 

