INFO  @ Thu, 08 Oct 2020 12:56:47:
	 Cut Points from guide seq:[53] 

INFO  @ Thu, 08 Oct 2020 12:56:47:
	 Creating Folder /lustre/scratch117/sciops/team87/MiSeq/miseq_093/S67_expCHAC2_DD/CRISPResso_on_67_S67_L001_R1_001_67_S67_L001_R2_001 

INFO  @ Thu, 08 Oct 2020 12:56:47:
	 Done! 

INFO  @ Thu, 08 Oct 2020 12:56:47:
	 Estimating average read length... 

INFO  @ Thu, 08 Oct 2020 12:56:48:
	 Merging paired sequences with Flash... 

INFO  @ Thu, 08 Oct 2020 12:56:50:
	 Done! 

INFO  @ Thu, 08 Oct 2020 12:56:51:
	 Preparing files for the alignment... 

INFO  @ Thu, 08 Oct 2020 12:56:51:
	 Done! 

INFO  @ Thu, 08 Oct 2020 12:56:51:
	 Gathering Phred33 qualities 

INFO  @ Thu, 08 Oct 2020 12:56:55:
	 Aligning sequences... 

INFO  @ Thu, 08 Oct 2020 12:58:59:
	 Done! 

INFO  @ Thu, 08 Oct 2020 12:59:06:
	 Align sequences to reverse complement of the amplicon... 

INFO  @ Thu, 08 Oct 2020 12:59:06:
	 Done! 

INFO  @ Thu, 08 Oct 2020 13:01:14:
	 Quantifying indels/substitutions... 

CRITICAL @ Thu, 08 Oct 2020 13:01:14:
	 Alignment error, please check your input.

ERROR: Zero sequences aligned, please check your amplicon sequence 

