INFO  @ Tue, 06 Oct 2020 10:47:30:
	 Cut Points from guide seq:[102] 

INFO  @ Tue, 06 Oct 2020 10:47:30:
	 Creating Folder /lustre/scratch117/sciops/team87/MiSeq/miseq_093/S40_expCHAC2_Exon3/CRISPResso_on_40_S40_L001_R1_001_40_S40_L001_R2_001 

INFO  @ Tue, 06 Oct 2020 10:47:30:
	 Done! 

INFO  @ Tue, 06 Oct 2020 10:47:30:
	 Estimating average read length... 

INFO  @ Tue, 06 Oct 2020 10:47:31:
	 Merging paired sequences with Flash... 

INFO  @ Tue, 06 Oct 2020 10:47:32:
	 Done! 

INFO  @ Tue, 06 Oct 2020 10:47:32:
	 Preparing files for the alignment... 

INFO  @ Tue, 06 Oct 2020 10:47:32:
	 Done! 

INFO  @ Tue, 06 Oct 2020 10:47:32:
	 Gathering Phred33 qualities 

INFO  @ Tue, 06 Oct 2020 10:47:33:
	 Aligning sequences... 

INFO  @ Tue, 06 Oct 2020 10:48:03:
	 Align sequences to reverse complement of the amplicon... 

INFO  @ Tue, 06 Oct 2020 10:48:03:
	 Done! 

INFO  @ Tue, 06 Oct 2020 10:48:31:
	 Quantifying indels/substitutions... 

CRITICAL @ Tue, 06 Oct 2020 10:48:31:
	 Alignment error, please check your input.

ERROR: Zero sequences aligned, please check your amplicon sequence 

