INFO  @ Tue, 06 Oct 2020 10:46:29:
	 Cut Points from guide seq:[99] 

INFO  @ Tue, 06 Oct 2020 10:46:29:
	 Creating Folder /lustre/scratch117/sciops/team87/MiSeq/miseq_093/S43_expSETD5_2/CRISPResso_on_43_S43_L001_R1_001_43_S43_L001_R2_001 

INFO  @ Tue, 06 Oct 2020 10:46:29:
	 Done! 

INFO  @ Tue, 06 Oct 2020 10:46:29:
	 Estimating average read length... 

INFO  @ Tue, 06 Oct 2020 10:46:30:
	 Merging paired sequences with Flash... 

INFO  @ Tue, 06 Oct 2020 10:46:33:
	 Done! 

INFO  @ Tue, 06 Oct 2020 10:46:33:
	 Preparing files for the alignment... 

INFO  @ Tue, 06 Oct 2020 10:46:33:
	 Done! 

INFO  @ Tue, 06 Oct 2020 10:46:33:
	 Gathering Phred33 qualities 

INFO  @ Tue, 06 Oct 2020 10:46:37:
	 Aligning sequences... 

INFO  @ Tue, 06 Oct 2020 10:48:37:
	 Align sequences to reverse complement of the amplicon... 

INFO  @ Tue, 06 Oct 2020 10:48:37:
	 Done! 

INFO  @ Tue, 06 Oct 2020 10:50:03:
	 Quantifying indels/substitutions... 

INFO  @ Tue, 06 Oct 2020 10:50:47:
	 Done! 

INFO  @ Tue, 06 Oct 2020 10:50:47:
	 Calculating indel distribution based on the length of the reads... 

INFO  @ Tue, 06 Oct 2020 10:50:48:
	 Done! 

INFO  @ Tue, 06 Oct 2020 10:50:48:
	 Reacquainting Read IDs with Phred33 Qualities 

INFO  @ Tue, 06 Oct 2020 10:51:15:
	 Calculating alleles frequencies... 

INFO  @ Tue, 06 Oct 2020 10:51:24:
	 Done! 

INFO  @ Tue, 06 Oct 2020 10:51:24:
	 Making Plots... 

/nfs/users/nfs_b/bs15/.local/lib/python2.7/site-packages/matplotlib/cbook/deprecation.py:107: MatplotlibDeprecationWarning: stem() got an unexpected keyword argument 'lw'. This will raise a TypeError in future versions.
  warnings.warn(message, mplDeprecation, stacklevel=1)
INFO  @ Tue, 06 Oct 2020 10:51:50:
	 Done! 

INFO  @ Tue, 06 Oct 2020 10:51:50:
	 Removing Intermediate files... 

INFO  @ Tue, 06 Oct 2020 10:51:50:
	 Saving processed data... 

INFO  @ Tue, 06 Oct 2020 10:51:51:
	 All Done! 

