INFO  @ Tue, 06 Oct 2020 10:49:25:
	 Cut Points from guide seq:[134] 

INFO  @ Tue, 06 Oct 2020 10:49:25:
	 Creating Folder /lustre/scratch117/sciops/team87/MiSeq/miseq_093/S5_expEP300_1/CRISPResso_on_5_S5_L001_R1_001_5_S5_L001_R2_001 

INFO  @ Tue, 06 Oct 2020 10:49:25:
	 Done! 

INFO  @ Tue, 06 Oct 2020 10:49:25:
	 Estimating average read length... 

INFO  @ Tue, 06 Oct 2020 10:49:26:
	 Merging paired sequences with Flash... 

INFO  @ Tue, 06 Oct 2020 10:49:29:
	 Done! 

INFO  @ Tue, 06 Oct 2020 10:49:29:
	 Preparing files for the alignment... 

INFO  @ Tue, 06 Oct 2020 10:49:29:
	 Done! 

INFO  @ Tue, 06 Oct 2020 10:49:29:
	 Gathering Phred33 qualities 

INFO  @ Tue, 06 Oct 2020 10:49:32:
	 Aligning sequences... 

INFO  @ Tue, 06 Oct 2020 10:50:46:
	 Align sequences to reverse complement of the amplicon... 

INFO  @ Tue, 06 Oct 2020 10:50:46:
	 Done! 

INFO  @ Tue, 06 Oct 2020 10:51:52:
	 Quantifying indels/substitutions... 

INFO  @ Tue, 06 Oct 2020 10:53:05:
	 Done! 

INFO  @ Tue, 06 Oct 2020 10:53:05:
	 Calculating indel distribution based on the length of the reads... 

INFO  @ Tue, 06 Oct 2020 10:53:06:
	 Done! 

INFO  @ Tue, 06 Oct 2020 10:53:06:
	 Reacquainting Read IDs with Phred33 Qualities 

INFO  @ Tue, 06 Oct 2020 10:53:33:
	 Calculating alleles frequencies... 

INFO  @ Tue, 06 Oct 2020 10:53:44:
	 Done! 

INFO  @ Tue, 06 Oct 2020 10:53:44:
	 Making Plots... 

/nfs/users/nfs_b/bs15/.local/lib/python2.7/site-packages/matplotlib/cbook/deprecation.py:107: MatplotlibDeprecationWarning: stem() got an unexpected keyword argument 'lw'. This will raise a TypeError in future versions.
  warnings.warn(message, mplDeprecation, stacklevel=1)
INFO  @ Tue, 06 Oct 2020 10:54:16:
	 Done! 

INFO  @ Tue, 06 Oct 2020 10:54:16:
	 Removing Intermediate files... 

INFO  @ Tue, 06 Oct 2020 10:54:16:
	 Saving processed data... 

INFO  @ Tue, 06 Oct 2020 10:54:16:
	 All Done! 

