INFO  @ Tue, 06 Oct 2020 10:47:02:
	 Cut Points from guide seq:[117] 

INFO  @ Tue, 06 Oct 2020 10:47:02:
	 Creating Folder /lustre/scratch117/sciops/team87/MiSeq/miseq_093/S102_expHUEDQ0559_CREBBP_3/CRISPResso_on_102_S102_L001_R1_001_102_S102_L001_R2_001 

INFO  @ Tue, 06 Oct 2020 10:47:02:
	 Done! 

INFO  @ Tue, 06 Oct 2020 10:47:02:
	 Estimating average read length... 

INFO  @ Tue, 06 Oct 2020 10:47:02:
	 Merging paired sequences with Flash... 

INFO  @ Tue, 06 Oct 2020 10:47:02:
	 Done! 

INFO  @ Tue, 06 Oct 2020 10:47:02:
	 Preparing files for the alignment... 

INFO  @ Tue, 06 Oct 2020 10:47:02:
	 Done! 

INFO  @ Tue, 06 Oct 2020 10:47:02:
	 Gathering Phred33 qualities 

INFO  @ Tue, 06 Oct 2020 10:47:02:
	 Aligning sequences... 

INFO  @ Tue, 06 Oct 2020 10:47:02:
	 Align sequences to reverse complement of the amplicon... 

INFO  @ Tue, 06 Oct 2020 10:47:02:
	 Done! 

INFO  @ Tue, 06 Oct 2020 10:47:02:
	 Quantifying indels/substitutions... 

CRITICAL @ Tue, 06 Oct 2020 10:47:02:
	 Alignment error, please check your input.

ERROR: Zero sequences aligned, please check your amplicon sequence 

