INFO  @ Tue, 06 Oct 2020 10:46:27:
	 Cut Points from guide seq:[99] 

INFO  @ Tue, 06 Oct 2020 10:46:27:
	 Creating Folder /lustre/scratch117/sciops/team87/MiSeq/miseq_093/S20_expSETD5_2/CRISPResso_on_20_S20_L001_R1_001_20_S20_L001_R2_001 

INFO  @ Tue, 06 Oct 2020 10:46:27:
	 Done! 

INFO  @ Tue, 06 Oct 2020 10:46:27:
	 Estimating average read length... 

INFO  @ Tue, 06 Oct 2020 10:46:28:
	 Merging paired sequences with Flash... 

INFO  @ Tue, 06 Oct 2020 10:46:29:
	 Done! 

INFO  @ Tue, 06 Oct 2020 10:46:30:
	 Preparing files for the alignment... 

INFO  @ Tue, 06 Oct 2020 10:46:30:
	 Done! 

INFO  @ Tue, 06 Oct 2020 10:46:30:
	 Gathering Phred33 qualities 

INFO  @ Tue, 06 Oct 2020 10:46:32:
	 Aligning sequences... 

INFO  @ Tue, 06 Oct 2020 10:47:43:
	 Align sequences to reverse complement of the amplicon... 

INFO  @ Tue, 06 Oct 2020 10:47:43:
	 Done! 

INFO  @ Tue, 06 Oct 2020 10:48:35:
	 Quantifying indels/substitutions... 

INFO  @ Tue, 06 Oct 2020 10:48:45:
	 Done! 

INFO  @ Tue, 06 Oct 2020 10:48:45:
	 Calculating indel distribution based on the length of the reads... 

INFO  @ Tue, 06 Oct 2020 10:48:46:
	 Done! 

INFO  @ Tue, 06 Oct 2020 10:48:46:
	 Reacquainting Read IDs with Phred33 Qualities 

INFO  @ Tue, 06 Oct 2020 10:49:03:
	 Calculating alleles frequencies... 

INFO  @ Tue, 06 Oct 2020 10:49:09:
	 Done! 

INFO  @ Tue, 06 Oct 2020 10:49:09:
	 Making Plots... 

/nfs/users/nfs_b/bs15/.local/lib/python2.7/site-packages/matplotlib/cbook/deprecation.py:107: MatplotlibDeprecationWarning: stem() got an unexpected keyword argument 'lw'. This will raise a TypeError in future versions.
  warnings.warn(message, mplDeprecation, stacklevel=1)
INFO  @ Tue, 06 Oct 2020 10:49:40:
	 Done! 

INFO  @ Tue, 06 Oct 2020 10:49:40:
	 Removing Intermediate files... 

INFO  @ Tue, 06 Oct 2020 10:49:40:
	 Saving processed data... 

INFO  @ Tue, 06 Oct 2020 10:49:40:
	 All Done! 

