INFO  @ Thu, 08 Oct 2020 12:56:34:
	 Cut Points from guide seq:[53] 

INFO  @ Thu, 08 Oct 2020 12:56:34:
	 Creating Folder /lustre/scratch117/sciops/team87/MiSeq/miseq_093/S10_expCHAC2_DD/CRISPResso_on_10_S10_L001_R1_001_10_S10_L001_R2_001 

INFO  @ Thu, 08 Oct 2020 12:56:34:
	 Done! 

INFO  @ Thu, 08 Oct 2020 12:56:34:
	 Estimating average read length... 

INFO  @ Thu, 08 Oct 2020 12:56:35:
	 Merging paired sequences with Flash... 

INFO  @ Thu, 08 Oct 2020 12:56:36:
	 Done! 

INFO  @ Thu, 08 Oct 2020 12:56:36:
	 Preparing files for the alignment... 

INFO  @ Thu, 08 Oct 2020 12:56:36:
	 Done! 

INFO  @ Thu, 08 Oct 2020 12:56:36:
	 Gathering Phred33 qualities 

INFO  @ Thu, 08 Oct 2020 12:56:37:
	 Aligning sequences... 

INFO  @ Thu, 08 Oct 2020 12:57:04:
	 Done! 

INFO  @ Thu, 08 Oct 2020 12:57:06:
	 Align sequences to reverse complement of the amplicon... 

INFO  @ Thu, 08 Oct 2020 12:57:06:
	 Done! 

INFO  @ Thu, 08 Oct 2020 12:57:31:
	 Quantifying indels/substitutions... 

CRITICAL @ Thu, 08 Oct 2020 12:57:31:
	 Alignment error, please check your input.

ERROR: Zero sequences aligned, please check your amplicon sequence 

