INFO  @ Thu, 08 Oct 2020 12:56:42:
	 Cut Points from guide seq:[53] 

INFO  @ Thu, 08 Oct 2020 12:56:43:
	 Creating Folder /lustre/scratch117/sciops/team87/MiSeq/miseq_093/S14_expCHAC2_DD/CRISPResso_on_14_S14_L001_R1_001_14_S14_L001_R2_001 

INFO  @ Thu, 08 Oct 2020 12:56:43:
	 Done! 

INFO  @ Thu, 08 Oct 2020 12:56:43:
	 Estimating average read length... 

INFO  @ Thu, 08 Oct 2020 12:56:43:
	 Merging paired sequences with Flash... 

INFO  @ Thu, 08 Oct 2020 12:56:45:
	 Done! 

INFO  @ Thu, 08 Oct 2020 12:56:45:
	 Preparing files for the alignment... 

INFO  @ Thu, 08 Oct 2020 12:56:45:
	 Done! 

INFO  @ Thu, 08 Oct 2020 12:56:45:
	 Gathering Phred33 qualities 

INFO  @ Thu, 08 Oct 2020 12:56:48:
	 Aligning sequences... 

INFO  @ Thu, 08 Oct 2020 12:58:26:
	 Done! 

INFO  @ Thu, 08 Oct 2020 12:58:31:
	 Align sequences to reverse complement of the amplicon... 

INFO  @ Thu, 08 Oct 2020 12:58:31:
	 Done! 

INFO  @ Thu, 08 Oct 2020 13:00:08:
	 Quantifying indels/substitutions... 

CRITICAL @ Thu, 08 Oct 2020 13:00:08:
	 Alignment error, please check your input.

ERROR: Zero sequences aligned, please check your amplicon sequence 

