INFO  @ Thu, 08 Oct 2020 12:56:36:
	 Cut Points from guide seq:[53] 

INFO  @ Thu, 08 Oct 2020 12:56:36:
	 Creating Folder /lustre/scratch117/sciops/team87/MiSeq/miseq_093/S58_expCHAC2_DD/CRISPResso_on_58_S58_L001_R1_001_58_S58_L001_R2_001 

INFO  @ Thu, 08 Oct 2020 12:56:36:
	 Done! 

INFO  @ Thu, 08 Oct 2020 12:56:36:
	 Estimating average read length... 

INFO  @ Thu, 08 Oct 2020 12:56:37:
	 Merging paired sequences with Flash... 

INFO  @ Thu, 08 Oct 2020 12:56:38:
	 Done! 

INFO  @ Thu, 08 Oct 2020 12:56:39:
	 Preparing files for the alignment... 

INFO  @ Thu, 08 Oct 2020 12:56:39:
	 Done! 

INFO  @ Thu, 08 Oct 2020 12:56:39:
	 Gathering Phred33 qualities 

INFO  @ Thu, 08 Oct 2020 12:56:41:
	 Aligning sequences... 

INFO  @ Thu, 08 Oct 2020 12:57:43:
	 Done! 

INFO  @ Thu, 08 Oct 2020 12:57:47:
	 Align sequences to reverse complement of the amplicon... 

INFO  @ Thu, 08 Oct 2020 12:57:47:
	 Done! 

INFO  @ Thu, 08 Oct 2020 12:58:52:
	 Quantifying indels/substitutions... 

CRITICAL @ Thu, 08 Oct 2020 12:58:52:
	 Alignment error, please check your input.

ERROR: Zero sequences aligned, please check your amplicon sequence 

