INFO  @ Tue, 06 Oct 2020 10:47:53:
	 Cut Points from guide seq:[102] 

INFO  @ Tue, 06 Oct 2020 10:47:53:
	 Creating Folder /lustre/scratch117/sciops/team87/MiSeq/miseq_093/S95_expCHAC2_Exon3/CRISPResso_on_95_S95_L001_R1_001_95_S95_L001_R2_001 

INFO  @ Tue, 06 Oct 2020 10:47:53:
	 Done! 

INFO  @ Tue, 06 Oct 2020 10:47:53:
	 Estimating average read length... 

INFO  @ Tue, 06 Oct 2020 10:47:54:
	 Merging paired sequences with Flash... 

INFO  @ Tue, 06 Oct 2020 10:47:56:
	 Done! 

INFO  @ Tue, 06 Oct 2020 10:47:57:
	 Preparing files for the alignment... 

INFO  @ Tue, 06 Oct 2020 10:47:57:
	 Done! 

INFO  @ Tue, 06 Oct 2020 10:47:57:
	 Gathering Phred33 qualities 

INFO  @ Tue, 06 Oct 2020 10:48:00:
	 Aligning sequences... 

INFO  @ Tue, 06 Oct 2020 10:49:08:
	 Align sequences to reverse complement of the amplicon... 

INFO  @ Tue, 06 Oct 2020 10:49:09:
	 Done! 

INFO  @ Tue, 06 Oct 2020 10:50:16:
	 Quantifying indels/substitutions... 

CRITICAL @ Tue, 06 Oct 2020 10:50:16:
	 Alignment error, please check your input.

ERROR: Zero sequences aligned, please check your amplicon sequence 

