INFO  @ Tue, 06 Oct 2020 10:47:32:
	 Cut Points from guide seq:[102] 

INFO  @ Tue, 06 Oct 2020 10:47:32:
	 Creating Folder /lustre/scratch117/sciops/team87/MiSeq/miseq_093/S44_expCHAC2_Exon3/CRISPResso_on_44_S44_L001_R1_001_44_S44_L001_R2_001 

INFO  @ Tue, 06 Oct 2020 10:47:32:
	 Done! 

INFO  @ Tue, 06 Oct 2020 10:47:32:
	 Estimating average read length... 

INFO  @ Tue, 06 Oct 2020 10:47:32:
	 Merging paired sequences with Flash... 

INFO  @ Tue, 06 Oct 2020 10:47:35:
	 Done! 

INFO  @ Tue, 06 Oct 2020 10:47:35:
	 Preparing files for the alignment... 

INFO  @ Tue, 06 Oct 2020 10:47:35:
	 Done! 

INFO  @ Tue, 06 Oct 2020 10:47:35:
	 Gathering Phred33 qualities 

INFO  @ Tue, 06 Oct 2020 10:47:38:
	 Aligning sequences... 

INFO  @ Tue, 06 Oct 2020 10:48:49:
	 Align sequences to reverse complement of the amplicon... 

INFO  @ Tue, 06 Oct 2020 10:48:49:
	 Done! 

INFO  @ Tue, 06 Oct 2020 10:49:58:
	 Quantifying indels/substitutions... 

CRITICAL @ Tue, 06 Oct 2020 10:49:58:
	 Alignment error, please check your input.

ERROR: Zero sequences aligned, please check your amplicon sequence 

