INFO  @ Tue, 06 Oct 2020 10:47:53:
	 Cut Points from guide seq:[102] 

INFO  @ Tue, 06 Oct 2020 10:47:53:
	 Creating Folder /lustre/scratch117/sciops/team87/MiSeq/miseq_093/S91_expCHAC2_Exon3/CRISPResso_on_91_S91_L001_R1_001_91_S91_L001_R2_001 

INFO  @ Tue, 06 Oct 2020 10:47:53:
	 Done! 

INFO  @ Tue, 06 Oct 2020 10:47:53:
	 Estimating average read length... 

INFO  @ Tue, 06 Oct 2020 10:47:54:
	 Merging paired sequences with Flash... 

INFO  @ Tue, 06 Oct 2020 10:47:55:
	 Done! 

INFO  @ Tue, 06 Oct 2020 10:47:55:
	 Preparing files for the alignment... 

INFO  @ Tue, 06 Oct 2020 10:47:55:
	 Done! 

INFO  @ Tue, 06 Oct 2020 10:47:55:
	 Gathering Phred33 qualities 

INFO  @ Tue, 06 Oct 2020 10:47:58:
	 Aligning sequences... 

INFO  @ Tue, 06 Oct 2020 10:48:44:
	 Align sequences to reverse complement of the amplicon... 

INFO  @ Tue, 06 Oct 2020 10:48:44:
	 Done! 

INFO  @ Tue, 06 Oct 2020 10:49:30:
	 Quantifying indels/substitutions... 

CRITICAL @ Tue, 06 Oct 2020 10:49:30:
	 Alignment error, please check your input.

ERROR: Zero sequences aligned, please check your amplicon sequence 

