INFO  @ Tue, 06 Oct 2020 10:47:42:
	 Cut Points from guide seq:[102] 

INFO  @ Tue, 06 Oct 2020 10:47:42:
	 Creating Folder /lustre/scratch117/sciops/team87/MiSeq/miseq_093/S72_expCHAC2_Exon3/CRISPResso_on_72_S72_L001_R1_001_72_S72_L001_R2_001 

INFO  @ Tue, 06 Oct 2020 10:47:42:
	 Done! 

INFO  @ Tue, 06 Oct 2020 10:47:42:
	 Estimating average read length... 

INFO  @ Tue, 06 Oct 2020 10:47:42:
	 Merging paired sequences with Flash... 

INFO  @ Tue, 06 Oct 2020 10:47:44:
	 Done! 

INFO  @ Tue, 06 Oct 2020 10:47:44:
	 Preparing files for the alignment... 

INFO  @ Tue, 06 Oct 2020 10:47:44:
	 Done! 

INFO  @ Tue, 06 Oct 2020 10:47:44:
	 Gathering Phred33 qualities 

INFO  @ Tue, 06 Oct 2020 10:47:46:
	 Aligning sequences... 

INFO  @ Tue, 06 Oct 2020 10:48:40:
	 Align sequences to reverse complement of the amplicon... 

INFO  @ Tue, 06 Oct 2020 10:48:40:
	 Done! 

INFO  @ Tue, 06 Oct 2020 10:49:30:
	 Quantifying indels/substitutions... 

INFO  @ Tue, 06 Oct 2020 10:49:30:
	 Done! 

INFO  @ Tue, 06 Oct 2020 10:49:30:
	 Calculating indel distribution based on the length of the reads... 

INFO  @ Tue, 06 Oct 2020 10:49:30:
	 Done! 

INFO  @ Tue, 06 Oct 2020 10:49:30:
	 Reacquainting Read IDs with Phred33 Qualities 

INFO  @ Tue, 06 Oct 2020 10:49:30:
	 Calculating alleles frequencies... 

INFO  @ Tue, 06 Oct 2020 10:49:31:
	 Done! 

INFO  @ Tue, 06 Oct 2020 10:49:31:
	 Making Plots... 

/nfs/users/nfs_b/bs15/.local/lib/python2.7/site-packages/matplotlib/cbook/deprecation.py:107: MatplotlibDeprecationWarning: stem() got an unexpected keyword argument 'lw'. This will raise a TypeError in future versions.
  warnings.warn(message, mplDeprecation, stacklevel=1)
INFO  @ Tue, 06 Oct 2020 10:49:47:
	 Done! 

INFO  @ Tue, 06 Oct 2020 10:49:47:
	 Removing Intermediate files... 

INFO  @ Tue, 06 Oct 2020 10:49:47:
	 Saving processed data... 

INFO  @ Tue, 06 Oct 2020 10:49:47:
	 All Done! 

