INFO  @ Thu, 08 Oct 2020 12:56:53:
	 Cut Points from guide seq:[53] 

INFO  @ Thu, 08 Oct 2020 12:56:53:
	 Creating Folder /lustre/scratch117/sciops/team87/MiSeq/miseq_093/S91_expCHAC2_DD/CRISPResso_on_91_S91_L001_R1_001_91_S91_L001_R2_001 

INFO  @ Thu, 08 Oct 2020 12:56:53:
	 Done! 

INFO  @ Thu, 08 Oct 2020 12:56:53:
	 Estimating average read length... 

INFO  @ Thu, 08 Oct 2020 12:56:53:
	 Merging paired sequences with Flash... 

INFO  @ Thu, 08 Oct 2020 12:56:55:
	 Done! 

INFO  @ Thu, 08 Oct 2020 12:56:55:
	 Preparing files for the alignment... 

INFO  @ Thu, 08 Oct 2020 12:56:55:
	 Done! 

INFO  @ Thu, 08 Oct 2020 12:56:55:
	 Gathering Phred33 qualities 

INFO  @ Thu, 08 Oct 2020 12:56:57:
	 Aligning sequences... 

INFO  @ Thu, 08 Oct 2020 12:58:15:
	 Done! 

INFO  @ Thu, 08 Oct 2020 12:58:19:
	 Align sequences to reverse complement of the amplicon... 

INFO  @ Thu, 08 Oct 2020 12:58:19:
	 Done! 

INFO  @ Thu, 08 Oct 2020 12:59:37:
	 Quantifying indels/substitutions... 

CRITICAL @ Thu, 08 Oct 2020 12:59:37:
	 Alignment error, please check your input.

ERROR: Zero sequences aligned, please check your amplicon sequence 

