INFO  @ Tue, 06 Oct 2020 10:47:53:
	 Cut Points from guide seq:[102] 

INFO  @ Tue, 06 Oct 2020 10:47:53:
	 Creating Folder /lustre/scratch117/sciops/team87/MiSeq/miseq_093/S93_expCHAC2_Exon3/CRISPResso_on_93_S93_L001_R1_001_93_S93_L001_R2_001 

INFO  @ Tue, 06 Oct 2020 10:47:53:
	 Done! 

INFO  @ Tue, 06 Oct 2020 10:47:53:
	 Estimating average read length... 

INFO  @ Tue, 06 Oct 2020 10:47:54:
	 Merging paired sequences with Flash... 

INFO  @ Tue, 06 Oct 2020 10:47:55:
	 Done! 

INFO  @ Tue, 06 Oct 2020 10:47:56:
	 Preparing files for the alignment... 

INFO  @ Tue, 06 Oct 2020 10:47:56:
	 Done! 

INFO  @ Tue, 06 Oct 2020 10:47:56:
	 Gathering Phred33 qualities 

INFO  @ Tue, 06 Oct 2020 10:47:58:
	 Aligning sequences... 

INFO  @ Tue, 06 Oct 2020 10:48:51:
	 Align sequences to reverse complement of the amplicon... 

INFO  @ Tue, 06 Oct 2020 10:48:51:
	 Done! 

INFO  @ Tue, 06 Oct 2020 10:49:42:
	 Quantifying indels/substitutions... 

CRITICAL @ Tue, 06 Oct 2020 10:49:42:
	 Alignment error, please check your input.

ERROR: Zero sequences aligned, please check your amplicon sequence 

