INFO  @ Tue, 06 Oct 2020 10:47:50:
	 Cut Points from guide seq:[102] 

INFO  @ Tue, 06 Oct 2020 10:47:50:
	 Creating Folder /lustre/scratch117/sciops/team87/MiSeq/miseq_093/S89_expCHAC2_Exon3/CRISPResso_on_89_S89_L001_R1_001_89_S89_L001_R2_001 

INFO  @ Tue, 06 Oct 2020 10:47:50:
	 Done! 

INFO  @ Tue, 06 Oct 2020 10:47:50:
	 Estimating average read length... 

INFO  @ Tue, 06 Oct 2020 10:47:51:
	 Merging paired sequences with Flash... 

INFO  @ Tue, 06 Oct 2020 10:47:52:
	 Done! 

INFO  @ Tue, 06 Oct 2020 10:47:52:
	 Preparing files for the alignment... 

INFO  @ Tue, 06 Oct 2020 10:47:52:
	 Done! 

INFO  @ Tue, 06 Oct 2020 10:47:52:
	 Gathering Phred33 qualities 

INFO  @ Tue, 06 Oct 2020 10:47:55:
	 Aligning sequences... 

INFO  @ Tue, 06 Oct 2020 10:48:49:
	 Align sequences to reverse complement of the amplicon... 

INFO  @ Tue, 06 Oct 2020 10:48:49:
	 Done! 

INFO  @ Tue, 06 Oct 2020 10:49:43:
	 Quantifying indels/substitutions... 

CRITICAL @ Tue, 06 Oct 2020 10:49:43:
	 Alignment error, please check your input.

ERROR: Zero sequences aligned, please check your amplicon sequence 

