INFO  @ Tue, 06 Oct 2020 10:46:27:
	 Cut Points from guide seq:[134] 

INFO  @ Tue, 06 Oct 2020 10:46:27:
	 Creating Folder /lustre/scratch117/sciops/team87/MiSeq/miseq_093/S69_expEP300_1/CRISPResso_on_69_S69_L001_R1_001_69_S69_L001_R2_001 

INFO  @ Tue, 06 Oct 2020 10:46:27:
	 Done! 

INFO  @ Tue, 06 Oct 2020 10:46:27:
	 Estimating average read length... 

INFO  @ Tue, 06 Oct 2020 10:46:28:
	 Merging paired sequences with Flash... 

INFO  @ Tue, 06 Oct 2020 10:46:29:
	 Done! 

INFO  @ Tue, 06 Oct 2020 10:46:29:
	 Preparing files for the alignment... 

INFO  @ Tue, 06 Oct 2020 10:46:29:
	 Done! 

INFO  @ Tue, 06 Oct 2020 10:46:29:
	 Gathering Phred33 qualities 

INFO  @ Tue, 06 Oct 2020 10:46:31:
	 Aligning sequences... 

INFO  @ Tue, 06 Oct 2020 10:47:25:
	 Align sequences to reverse complement of the amplicon... 

INFO  @ Tue, 06 Oct 2020 10:47:25:
	 Done! 

INFO  @ Tue, 06 Oct 2020 10:48:11:
	 Quantifying indels/substitutions... 

INFO  @ Tue, 06 Oct 2020 10:48:39:
	 Done! 

INFO  @ Tue, 06 Oct 2020 10:48:39:
	 Calculating indel distribution based on the length of the reads... 

INFO  @ Tue, 06 Oct 2020 10:48:40:
	 Done! 

INFO  @ Tue, 06 Oct 2020 10:48:40:
	 Reacquainting Read IDs with Phred33 Qualities 

INFO  @ Tue, 06 Oct 2020 10:48:49:
	 Calculating alleles frequencies... 

INFO  @ Tue, 06 Oct 2020 10:48:53:
	 Done! 

INFO  @ Tue, 06 Oct 2020 10:48:53:
	 Making Plots... 

/nfs/users/nfs_b/bs15/.local/lib/python2.7/site-packages/matplotlib/cbook/deprecation.py:107: MatplotlibDeprecationWarning: stem() got an unexpected keyword argument 'lw'. This will raise a TypeError in future versions.
  warnings.warn(message, mplDeprecation, stacklevel=1)
INFO  @ Tue, 06 Oct 2020 10:49:19:
	 Done! 

INFO  @ Tue, 06 Oct 2020 10:49:19:
	 Removing Intermediate files... 

INFO  @ Tue, 06 Oct 2020 10:49:19:
	 Saving processed data... 

INFO  @ Tue, 06 Oct 2020 10:49:19:
	 All Done! 

