INFO  @ Tue, 06 Oct 2020 10:47:28:
	 Cut Points from guide seq:[102] 

INFO  @ Tue, 06 Oct 2020 10:47:28:
	 Creating Folder /lustre/scratch117/sciops/team87/MiSeq/miseq_093/S33_expCHAC2_Exon3/CRISPResso_on_33_S33_L001_R1_001_33_S33_L001_R2_001 

INFO  @ Tue, 06 Oct 2020 10:47:28:
	 Done! 

INFO  @ Tue, 06 Oct 2020 10:47:28:
	 Estimating average read length... 

INFO  @ Tue, 06 Oct 2020 10:47:28:
	 Merging paired sequences with Flash... 

INFO  @ Tue, 06 Oct 2020 10:47:29:
	 Done! 

INFO  @ Tue, 06 Oct 2020 10:47:29:
	 Preparing files for the alignment... 

INFO  @ Tue, 06 Oct 2020 10:47:29:
	 Done! 

INFO  @ Tue, 06 Oct 2020 10:47:29:
	 Gathering Phred33 qualities 

INFO  @ Tue, 06 Oct 2020 10:47:31:
	 Aligning sequences... 

INFO  @ Tue, 06 Oct 2020 10:47:54:
	 Align sequences to reverse complement of the amplicon... 

INFO  @ Tue, 06 Oct 2020 10:47:54:
	 Done! 

INFO  @ Tue, 06 Oct 2020 10:48:16:
	 Quantifying indels/substitutions... 

CRITICAL @ Tue, 06 Oct 2020 10:48:16:
	 Alignment error, please check your input.

ERROR: Zero sequences aligned, please check your amplicon sequence 

