INFO  @ Tue, 06 Oct 2020 10:47:33:
	 Cut Points from guide seq:[102] 

INFO  @ Tue, 06 Oct 2020 10:47:33:
	 Creating Folder /lustre/scratch117/sciops/team87/MiSeq/miseq_093/S49_expCHAC2_Exon3/CRISPResso_on_49_S49_L001_R1_001_49_S49_L001_R2_001 

INFO  @ Tue, 06 Oct 2020 10:47:33:
	 Done! 

INFO  @ Tue, 06 Oct 2020 10:47:33:
	 Estimating average read length... 

INFO  @ Tue, 06 Oct 2020 10:47:34:
	 Merging paired sequences with Flash... 

INFO  @ Tue, 06 Oct 2020 10:47:35:
	 Done! 

INFO  @ Tue, 06 Oct 2020 10:47:36:
	 Preparing files for the alignment... 

INFO  @ Tue, 06 Oct 2020 10:47:36:
	 Done! 

INFO  @ Tue, 06 Oct 2020 10:47:36:
	 Gathering Phred33 qualities 

INFO  @ Tue, 06 Oct 2020 10:47:37:
	 Aligning sequences... 

INFO  @ Tue, 06 Oct 2020 10:48:23:
	 Align sequences to reverse complement of the amplicon... 

INFO  @ Tue, 06 Oct 2020 10:48:23:
	 Done! 

INFO  @ Tue, 06 Oct 2020 10:49:06:
	 Quantifying indels/substitutions... 

CRITICAL @ Tue, 06 Oct 2020 10:49:06:
	 Alignment error, please check your input.

ERROR: Zero sequences aligned, please check your amplicon sequence 

