INFO  @ Tue, 06 Oct 2020 10:47:38:
	 Cut Points from guide seq:[102] 

INFO  @ Tue, 06 Oct 2020 10:47:38:
	 Creating Folder /lustre/scratch117/sciops/team87/MiSeq/miseq_093/S63_expCHAC2_Exon3/CRISPResso_on_63_S63_L001_R1_001_63_S63_L001_R2_001 

INFO  @ Tue, 06 Oct 2020 10:47:38:
	 Done! 

INFO  @ Tue, 06 Oct 2020 10:47:38:
	 Estimating average read length... 

INFO  @ Tue, 06 Oct 2020 10:47:39:
	 Merging paired sequences with Flash... 

INFO  @ Tue, 06 Oct 2020 10:47:40:
	 Done! 

INFO  @ Tue, 06 Oct 2020 10:47:41:
	 Preparing files for the alignment... 

INFO  @ Tue, 06 Oct 2020 10:47:41:
	 Done! 

INFO  @ Tue, 06 Oct 2020 10:47:41:
	 Gathering Phred33 qualities 

INFO  @ Tue, 06 Oct 2020 10:47:44:
	 Aligning sequences... 

INFO  @ Tue, 06 Oct 2020 10:48:32:
	 Align sequences to reverse complement of the amplicon... 

INFO  @ Tue, 06 Oct 2020 10:48:32:
	 Done! 

INFO  @ Tue, 06 Oct 2020 10:49:14:
	 Quantifying indels/substitutions... 

CRITICAL @ Tue, 06 Oct 2020 10:49:14:
	 Alignment error, please check your input.

ERROR: Zero sequences aligned, please check your amplicon sequence 

