INFO  @ Tue, 06 Oct 2020 10:46:47:
	 Cut Points from guide seq:[97] 

INFO  @ Tue, 06 Oct 2020 10:46:47:
	 Creating Folder /lustre/scratch117/sciops/team87/MiSeq/miseq_093/S111_expHUEDQ0559_TBL1XR1_2/CRISPResso_on_111_S111_L001_R1_001_111_S111_L001_R2_001 

INFO  @ Tue, 06 Oct 2020 10:46:47:
	 Done! 

INFO  @ Tue, 06 Oct 2020 10:46:47:
	 Estimating average read length... 

INFO  @ Tue, 06 Oct 2020 10:46:47:
	 Merging paired sequences with Flash... 

INFO  @ Tue, 06 Oct 2020 10:46:47:
	 Done! 

INFO  @ Tue, 06 Oct 2020 10:46:47:
	 Preparing files for the alignment... 

INFO  @ Tue, 06 Oct 2020 10:46:47:
	 Done! 

INFO  @ Tue, 06 Oct 2020 10:46:47:
	 Gathering Phred33 qualities 

INFO  @ Tue, 06 Oct 2020 10:46:47:
	 Aligning sequences... 

INFO  @ Tue, 06 Oct 2020 10:46:47:
	 Align sequences to reverse complement of the amplicon... 

INFO  @ Tue, 06 Oct 2020 10:46:47:
	 Done! 

INFO  @ Tue, 06 Oct 2020 10:46:47:
	 Quantifying indels/substitutions... 

CRITICAL @ Tue, 06 Oct 2020 10:46:47:
	 Alignment error, please check your input.

ERROR: Zero sequences aligned, please check your amplicon sequence 

