INFO  @ Tue, 06 Oct 2020 10:46:31:
	 Cut Points from guide seq:[99] 

INFO  @ Tue, 06 Oct 2020 10:46:31:
	 Creating Folder /lustre/scratch117/sciops/team87/MiSeq/miseq_093/S54_expSETD5_2/CRISPResso_on_54_S54_L001_R1_001_54_S54_L001_R2_001 

INFO  @ Tue, 06 Oct 2020 10:46:31:
	 Done! 

INFO  @ Tue, 06 Oct 2020 10:46:31:
	 Estimating average read length... 

INFO  @ Tue, 06 Oct 2020 10:46:31:
	 Merging paired sequences with Flash... 

INFO  @ Tue, 06 Oct 2020 10:46:34:
	 Done! 

INFO  @ Tue, 06 Oct 2020 10:46:35:
	 Preparing files for the alignment... 

INFO  @ Tue, 06 Oct 2020 10:46:35:
	 Done! 

INFO  @ Tue, 06 Oct 2020 10:46:35:
	 Gathering Phred33 qualities 

INFO  @ Tue, 06 Oct 2020 10:46:40:
	 Aligning sequences... 

INFO  @ Tue, 06 Oct 2020 10:48:33:
	 Align sequences to reverse complement of the amplicon... 

INFO  @ Tue, 06 Oct 2020 10:48:33:
	 Done! 

INFO  @ Tue, 06 Oct 2020 10:49:52:
	 Quantifying indels/substitutions... 

INFO  @ Tue, 06 Oct 2020 10:50:04:
	 Done! 

INFO  @ Tue, 06 Oct 2020 10:50:04:
	 Calculating indel distribution based on the length of the reads... 

INFO  @ Tue, 06 Oct 2020 10:50:05:
	 Done! 

INFO  @ Tue, 06 Oct 2020 10:50:05:
	 Reacquainting Read IDs with Phred33 Qualities 

INFO  @ Tue, 06 Oct 2020 10:50:28:
	 Calculating alleles frequencies... 

INFO  @ Tue, 06 Oct 2020 10:50:35:
	 Done! 

INFO  @ Tue, 06 Oct 2020 10:50:35:
	 Making Plots... 

/nfs/users/nfs_b/bs15/.local/lib/python2.7/site-packages/matplotlib/cbook/deprecation.py:107: MatplotlibDeprecationWarning: stem() got an unexpected keyword argument 'lw'. This will raise a TypeError in future versions.
  warnings.warn(message, mplDeprecation, stacklevel=1)
INFO  @ Tue, 06 Oct 2020 10:51:07:
	 Done! 

INFO  @ Tue, 06 Oct 2020 10:51:07:
	 Removing Intermediate files... 

INFO  @ Tue, 06 Oct 2020 10:51:07:
	 Saving processed data... 

INFO  @ Tue, 06 Oct 2020 10:51:07:
	 All Done! 

