INFO  @ Tue, 06 Oct 2020 10:47:49:
	 Cut Points from guide seq:[102] 

INFO  @ Tue, 06 Oct 2020 10:47:49:
	 Creating Folder /lustre/scratch117/sciops/team87/MiSeq/miseq_093/S85_expCHAC2_Exon3/CRISPResso_on_85_S85_L001_R1_001_85_S85_L001_R2_001 

INFO  @ Tue, 06 Oct 2020 10:47:49:
	 Done! 

INFO  @ Tue, 06 Oct 2020 10:47:49:
	 Estimating average read length... 

INFO  @ Tue, 06 Oct 2020 10:47:49:
	 Merging paired sequences with Flash... 

INFO  @ Tue, 06 Oct 2020 10:47:51:
	 Done! 

INFO  @ Tue, 06 Oct 2020 10:47:51:
	 Preparing files for the alignment... 

INFO  @ Tue, 06 Oct 2020 10:47:51:
	 Done! 

INFO  @ Tue, 06 Oct 2020 10:47:51:
	 Gathering Phred33 qualities 

INFO  @ Tue, 06 Oct 2020 10:47:53:
	 Aligning sequences... 

INFO  @ Tue, 06 Oct 2020 10:48:26:
	 Align sequences to reverse complement of the amplicon... 

INFO  @ Tue, 06 Oct 2020 10:48:26:
	 Done! 

INFO  @ Tue, 06 Oct 2020 10:48:58:
	 Quantifying indels/substitutions... 

CRITICAL @ Tue, 06 Oct 2020 10:48:58:
	 Alignment error, please check your input.

ERROR: Zero sequences aligned, please check your amplicon sequence 

