INFO  @ Tue, 06 Oct 2020 10:46:31:
	 Cut Points from guide seq:[99] 

INFO  @ Tue, 06 Oct 2020 10:46:31:
	 Creating Folder /lustre/scratch117/sciops/team87/MiSeq/miseq_093/S55_expSETD5_2/CRISPResso_on_55_S55_L001_R1_001_55_S55_L001_R2_001 

INFO  @ Tue, 06 Oct 2020 10:46:31:
	 Done! 

INFO  @ Tue, 06 Oct 2020 10:46:31:
	 Estimating average read length... 

INFO  @ Tue, 06 Oct 2020 10:46:31:
	 Merging paired sequences with Flash... 

INFO  @ Tue, 06 Oct 2020 10:46:34:
	 Done! 

INFO  @ Tue, 06 Oct 2020 10:46:34:
	 Preparing files for the alignment... 

INFO  @ Tue, 06 Oct 2020 10:46:34:
	 Done! 

INFO  @ Tue, 06 Oct 2020 10:46:34:
	 Gathering Phred33 qualities 

INFO  @ Tue, 06 Oct 2020 10:46:38:
	 Aligning sequences... 

INFO  @ Tue, 06 Oct 2020 10:48:12:
	 Align sequences to reverse complement of the amplicon... 

INFO  @ Tue, 06 Oct 2020 10:48:12:
	 Done! 

INFO  @ Tue, 06 Oct 2020 10:49:21:
	 Quantifying indels/substitutions... 

INFO  @ Tue, 06 Oct 2020 10:49:34:
	 Done! 

INFO  @ Tue, 06 Oct 2020 10:49:34:
	 Calculating indel distribution based on the length of the reads... 

INFO  @ Tue, 06 Oct 2020 10:49:35:
	 Done! 

INFO  @ Tue, 06 Oct 2020 10:49:35:
	 Reacquainting Read IDs with Phred33 Qualities 

INFO  @ Tue, 06 Oct 2020 10:50:00:
	 Calculating alleles frequencies... 

INFO  @ Tue, 06 Oct 2020 10:50:07:
	 Done! 

INFO  @ Tue, 06 Oct 2020 10:50:07:
	 Making Plots... 

/nfs/users/nfs_b/bs15/.local/lib/python2.7/site-packages/matplotlib/cbook/deprecation.py:107: MatplotlibDeprecationWarning: stem() got an unexpected keyword argument 'lw'. This will raise a TypeError in future versions.
  warnings.warn(message, mplDeprecation, stacklevel=1)
INFO  @ Tue, 06 Oct 2020 10:50:34:
	 Done! 

INFO  @ Tue, 06 Oct 2020 10:50:34:
	 Removing Intermediate files... 

INFO  @ Tue, 06 Oct 2020 10:50:34:
	 Saving processed data... 

INFO  @ Tue, 06 Oct 2020 10:50:35:
	 All Done! 

