INFO  @ Tue, 06 Oct 2020 10:47:41:
	 Cut Points from guide seq:[102] 

INFO  @ Tue, 06 Oct 2020 10:47:41:
	 Creating Folder /lustre/scratch117/sciops/team87/MiSeq/miseq_093/S62_expCHAC2_Exon3/CRISPResso_on_62_S62_L001_R1_001_62_S62_L001_R2_001 

INFO  @ Tue, 06 Oct 2020 10:47:41:
	 Done! 

INFO  @ Tue, 06 Oct 2020 10:47:41:
	 Estimating average read length... 

INFO  @ Tue, 06 Oct 2020 10:47:41:
	 Merging paired sequences with Flash... 

INFO  @ Tue, 06 Oct 2020 10:47:44:
	 Done! 

INFO  @ Tue, 06 Oct 2020 10:47:44:
	 Preparing files for the alignment... 

INFO  @ Tue, 06 Oct 2020 10:47:44:
	 Done! 

INFO  @ Tue, 06 Oct 2020 10:47:44:
	 Gathering Phred33 qualities 

INFO  @ Tue, 06 Oct 2020 10:47:47:
	 Aligning sequences... 

INFO  @ Tue, 06 Oct 2020 10:48:58:
	 Align sequences to reverse complement of the amplicon... 

INFO  @ Tue, 06 Oct 2020 10:48:58:
	 Done! 

INFO  @ Tue, 06 Oct 2020 10:50:07:
	 Quantifying indels/substitutions... 

CRITICAL @ Tue, 06 Oct 2020 10:50:07:
	 Alignment error, please check your input.

ERROR: Zero sequences aligned, please check your amplicon sequence 

