INFO  @ Tue, 06 Oct 2020 10:47:28:
	 Cut Points from guide seq:[102] 

INFO  @ Tue, 06 Oct 2020 10:47:28:
	 Creating Folder /lustre/scratch117/sciops/team87/MiSeq/miseq_093/S22_expCHAC2_Exon3/CRISPResso_on_22_S22_L001_R1_001_22_S22_L001_R2_001 

INFO  @ Tue, 06 Oct 2020 10:47:28:
	 Done! 

INFO  @ Tue, 06 Oct 2020 10:47:28:
	 Estimating average read length... 

INFO  @ Tue, 06 Oct 2020 10:47:28:
	 Merging paired sequences with Flash... 

INFO  @ Tue, 06 Oct 2020 10:47:31:
	 Done! 

INFO  @ Tue, 06 Oct 2020 10:47:31:
	 Preparing files for the alignment... 

INFO  @ Tue, 06 Oct 2020 10:47:31:
	 Done! 

INFO  @ Tue, 06 Oct 2020 10:47:31:
	 Gathering Phred33 qualities 

INFO  @ Tue, 06 Oct 2020 10:47:34:
	 Aligning sequences... 

INFO  @ Tue, 06 Oct 2020 10:48:48:
	 Align sequences to reverse complement of the amplicon... 

INFO  @ Tue, 06 Oct 2020 10:48:48:
	 Done! 

INFO  @ Tue, 06 Oct 2020 10:50:00:
	 Quantifying indels/substitutions... 

CRITICAL @ Tue, 06 Oct 2020 10:50:00:
	 Alignment error, please check your input.

ERROR: Zero sequences aligned, please check your amplicon sequence 

