INFO  @ Tue, 06 Oct 2020 10:46:34:
	 Cut Points from guide seq:[99] 

INFO  @ Tue, 06 Oct 2020 10:46:34:
	 Creating Folder /lustre/scratch117/sciops/team87/MiSeq/miseq_093/S91_expSETD5_2/CRISPResso_on_91_S91_L001_R1_001_91_S91_L001_R2_001 

INFO  @ Tue, 06 Oct 2020 10:46:34:
	 Done! 

INFO  @ Tue, 06 Oct 2020 10:46:34:
	 Estimating average read length... 

INFO  @ Tue, 06 Oct 2020 10:46:34:
	 Merging paired sequences with Flash... 

INFO  @ Tue, 06 Oct 2020 10:46:36:
	 Done! 

INFO  @ Tue, 06 Oct 2020 10:46:36:
	 Preparing files for the alignment... 

INFO  @ Tue, 06 Oct 2020 10:46:36:
	 Done! 

INFO  @ Tue, 06 Oct 2020 10:46:36:
	 Gathering Phred33 qualities 

INFO  @ Tue, 06 Oct 2020 10:46:38:
	 Aligning sequences... 

INFO  @ Tue, 06 Oct 2020 10:47:32:
	 Align sequences to reverse complement of the amplicon... 

INFO  @ Tue, 06 Oct 2020 10:47:32:
	 Done! 

INFO  @ Tue, 06 Oct 2020 10:48:15:
	 Quantifying indels/substitutions... 

INFO  @ Tue, 06 Oct 2020 10:48:21:
	 Done! 

INFO  @ Tue, 06 Oct 2020 10:48:21:
	 Calculating indel distribution based on the length of the reads... 

INFO  @ Tue, 06 Oct 2020 10:48:22:
	 Done! 

INFO  @ Tue, 06 Oct 2020 10:48:22:
	 Reacquainting Read IDs with Phred33 Qualities 

INFO  @ Tue, 06 Oct 2020 10:48:33:
	 Calculating alleles frequencies... 

INFO  @ Tue, 06 Oct 2020 10:48:38:
	 Done! 

INFO  @ Tue, 06 Oct 2020 10:48:38:
	 Making Plots... 

/nfs/users/nfs_b/bs15/.local/lib/python2.7/site-packages/matplotlib/cbook/deprecation.py:107: MatplotlibDeprecationWarning: stem() got an unexpected keyword argument 'lw'. This will raise a TypeError in future versions.
  warnings.warn(message, mplDeprecation, stacklevel=1)
INFO  @ Tue, 06 Oct 2020 10:49:00:
	 Done! 

INFO  @ Tue, 06 Oct 2020 10:49:00:
	 Removing Intermediate files... 

INFO  @ Tue, 06 Oct 2020 10:49:00:
	 Saving processed data... 

INFO  @ Tue, 06 Oct 2020 10:49:00:
	 All Done! 

