INFO  @ Tue, 06 Oct 2020 10:47:37:
	 Cut Points from guide seq:[102] 

INFO  @ Tue, 06 Oct 2020 10:47:37:
	 Creating Folder /lustre/scratch117/sciops/team87/MiSeq/miseq_093/S25_expCHAC2_Exon3/CRISPResso_on_25_S25_L001_R1_001_25_S25_L001_R2_001 

INFO  @ Tue, 06 Oct 2020 10:47:37:
	 Done! 

INFO  @ Tue, 06 Oct 2020 10:47:37:
	 Estimating average read length... 

INFO  @ Tue, 06 Oct 2020 10:47:38:
	 Merging paired sequences with Flash... 

INFO  @ Tue, 06 Oct 2020 10:47:41:
	 Done! 

INFO  @ Tue, 06 Oct 2020 10:47:42:
	 Preparing files for the alignment... 

INFO  @ Tue, 06 Oct 2020 10:47:42:
	 Done! 

INFO  @ Tue, 06 Oct 2020 10:47:42:
	 Gathering Phred33 qualities 

INFO  @ Tue, 06 Oct 2020 10:47:46:
	 Aligning sequences... 

INFO  @ Tue, 06 Oct 2020 10:49:28:
	 Align sequences to reverse complement of the amplicon... 

INFO  @ Tue, 06 Oct 2020 10:49:28:
	 Done! 

INFO  @ Tue, 06 Oct 2020 10:50:52:
	 Quantifying indels/substitutions... 

INFO  @ Tue, 06 Oct 2020 10:50:52:
	 Done! 

INFO  @ Tue, 06 Oct 2020 10:50:52:
	 Calculating indel distribution based on the length of the reads... 

INFO  @ Tue, 06 Oct 2020 10:50:52:
	 Done! 

INFO  @ Tue, 06 Oct 2020 10:50:52:
	 Reacquainting Read IDs with Phred33 Qualities 

INFO  @ Tue, 06 Oct 2020 10:50:52:
	 Calculating alleles frequencies... 

INFO  @ Tue, 06 Oct 2020 10:50:52:
	 Done! 

INFO  @ Tue, 06 Oct 2020 10:50:52:
	 Making Plots... 

/nfs/users/nfs_b/bs15/.local/lib/python2.7/site-packages/matplotlib/cbook/deprecation.py:107: MatplotlibDeprecationWarning: stem() got an unexpected keyword argument 'lw'. This will raise a TypeError in future versions.
  warnings.warn(message, mplDeprecation, stacklevel=1)
INFO  @ Tue, 06 Oct 2020 10:51:11:
	 Done! 

INFO  @ Tue, 06 Oct 2020 10:51:11:
	 Removing Intermediate files... 

INFO  @ Tue, 06 Oct 2020 10:51:11:
	 Saving processed data... 

INFO  @ Tue, 06 Oct 2020 10:51:11:
	 All Done! 

