INFO  @ Tue, 06 Oct 2020 10:47:35:
	 Cut Points from guide seq:[102] 

INFO  @ Tue, 06 Oct 2020 10:47:35:
	 Creating Folder /lustre/scratch117/sciops/team87/MiSeq/miseq_093/S41_expCHAC2_Exon3/CRISPResso_on_41_S41_L001_R1_001_41_S41_L001_R2_001 

INFO  @ Tue, 06 Oct 2020 10:47:35:
	 Done! 

INFO  @ Tue, 06 Oct 2020 10:47:35:
	 Estimating average read length... 

INFO  @ Tue, 06 Oct 2020 10:47:36:
	 Merging paired sequences with Flash... 

INFO  @ Tue, 06 Oct 2020 10:47:38:
	 Done! 

INFO  @ Tue, 06 Oct 2020 10:47:38:
	 Preparing files for the alignment... 

INFO  @ Tue, 06 Oct 2020 10:47:38:
	 Done! 

INFO  @ Tue, 06 Oct 2020 10:47:38:
	 Gathering Phred33 qualities 

INFO  @ Tue, 06 Oct 2020 10:47:41:
	 Aligning sequences... 

INFO  @ Tue, 06 Oct 2020 10:48:35:
	 Align sequences to reverse complement of the amplicon... 

INFO  @ Tue, 06 Oct 2020 10:48:35:
	 Done! 

INFO  @ Tue, 06 Oct 2020 10:49:28:
	 Quantifying indels/substitutions... 

CRITICAL @ Tue, 06 Oct 2020 10:49:28:
	 Alignment error, please check your input.

ERROR: Zero sequences aligned, please check your amplicon sequence 

