INFO  @ Tue, 06 Oct 2020 10:46:53:
	 Cut Points from guide seq:[99] 

INFO  @ Tue, 06 Oct 2020 10:46:53:
	 Creating Folder /lustre/scratch117/sciops/team87/MiSeq/miseq_093/S94_expSETD5_2/CRISPResso_on_94_S94_L001_R1_001_94_S94_L001_R2_001 

INFO  @ Tue, 06 Oct 2020 10:46:53:
	 Done! 

INFO  @ Tue, 06 Oct 2020 10:46:53:
	 Estimating average read length... 

INFO  @ Tue, 06 Oct 2020 10:46:54:
	 Merging paired sequences with Flash... 

INFO  @ Tue, 06 Oct 2020 10:46:56:
	 Done! 

INFO  @ Tue, 06 Oct 2020 10:46:56:
	 Preparing files for the alignment... 

INFO  @ Tue, 06 Oct 2020 10:46:56:
	 Done! 

INFO  @ Tue, 06 Oct 2020 10:46:56:
	 Gathering Phred33 qualities 

INFO  @ Tue, 06 Oct 2020 10:46:59:
	 Aligning sequences... 

INFO  @ Tue, 06 Oct 2020 10:48:32:
	 Align sequences to reverse complement of the amplicon... 

INFO  @ Tue, 06 Oct 2020 10:48:32:
	 Done! 

INFO  @ Tue, 06 Oct 2020 10:49:38:
	 Quantifying indels/substitutions... 

INFO  @ Tue, 06 Oct 2020 10:49:50:
	 Done! 

INFO  @ Tue, 06 Oct 2020 10:49:50:
	 Calculating indel distribution based on the length of the reads... 

INFO  @ Tue, 06 Oct 2020 10:49:50:
	 Done! 

INFO  @ Tue, 06 Oct 2020 10:49:50:
	 Reacquainting Read IDs with Phred33 Qualities 

INFO  @ Tue, 06 Oct 2020 10:50:11:
	 Calculating alleles frequencies... 

INFO  @ Tue, 06 Oct 2020 10:50:17:
	 Done! 

INFO  @ Tue, 06 Oct 2020 10:50:17:
	 Making Plots... 

/nfs/users/nfs_b/bs15/.local/lib/python2.7/site-packages/matplotlib/cbook/deprecation.py:107: MatplotlibDeprecationWarning: stem() got an unexpected keyword argument 'lw'. This will raise a TypeError in future versions.
  warnings.warn(message, mplDeprecation, stacklevel=1)
INFO  @ Tue, 06 Oct 2020 10:50:43:
	 Done! 

INFO  @ Tue, 06 Oct 2020 10:50:43:
	 Removing Intermediate files... 

INFO  @ Tue, 06 Oct 2020 10:50:43:
	 Saving processed data... 

INFO  @ Tue, 06 Oct 2020 10:50:43:
	 All Done! 

