INFO  @ Tue, 06 Oct 2020 10:47:47:
	 Cut Points from guide seq:[102] 

INFO  @ Tue, 06 Oct 2020 10:47:47:
	 Creating Folder /lustre/scratch117/sciops/team87/MiSeq/miseq_093/S83_expCHAC2_Exon3/CRISPResso_on_83_S83_L001_R1_001_83_S83_L001_R2_001 

INFO  @ Tue, 06 Oct 2020 10:47:47:
	 Done! 

INFO  @ Tue, 06 Oct 2020 10:47:47:
	 Estimating average read length... 

INFO  @ Tue, 06 Oct 2020 10:47:48:
	 Merging paired sequences with Flash... 

INFO  @ Tue, 06 Oct 2020 10:47:50:
	 Done! 

INFO  @ Tue, 06 Oct 2020 10:47:50:
	 Preparing files for the alignment... 

INFO  @ Tue, 06 Oct 2020 10:47:50:
	 Done! 

INFO  @ Tue, 06 Oct 2020 10:47:50:
	 Gathering Phred33 qualities 

INFO  @ Tue, 06 Oct 2020 10:47:53:
	 Aligning sequences... 

INFO  @ Tue, 06 Oct 2020 10:48:57:
	 Align sequences to reverse complement of the amplicon... 

INFO  @ Tue, 06 Oct 2020 10:48:57:
	 Done! 

INFO  @ Tue, 06 Oct 2020 10:50:00:
	 Quantifying indels/substitutions... 

CRITICAL @ Tue, 06 Oct 2020 10:50:00:
	 Alignment error, please check your input.

ERROR: Zero sequences aligned, please check your amplicon sequence 

