INFO  @ Tue, 06 Oct 2020 10:46:27:
	 Cut Points from guide seq:[127] 

INFO  @ Tue, 06 Oct 2020 10:46:27:
	 Creating Folder /lustre/scratch117/sciops/team87/MiSeq/miseq_093/S24_expCTNNB1_4/CRISPResso_on_24_S24_L001_R1_001_24_S24_L001_R2_001 

INFO  @ Tue, 06 Oct 2020 10:46:27:
	 Done! 

INFO  @ Tue, 06 Oct 2020 10:46:27:
	 Estimating average read length... 

INFO  @ Tue, 06 Oct 2020 10:46:28:
	 Merging paired sequences with Flash... 

INFO  @ Tue, 06 Oct 2020 10:46:30:
	 Done! 

INFO  @ Tue, 06 Oct 2020 10:46:30:
	 Preparing files for the alignment... 

INFO  @ Tue, 06 Oct 2020 10:46:30:
	 Done! 

INFO  @ Tue, 06 Oct 2020 10:46:30:
	 Gathering Phred33 qualities 

INFO  @ Tue, 06 Oct 2020 10:46:34:
	 Aligning sequences... 

INFO  @ Tue, 06 Oct 2020 10:47:55:
	 Align sequences to reverse complement of the amplicon... 

INFO  @ Tue, 06 Oct 2020 10:47:55:
	 Done! 

INFO  @ Tue, 06 Oct 2020 10:49:03:
	 Quantifying indels/substitutions... 

INFO  @ Tue, 06 Oct 2020 10:49:43:
	 Done! 

INFO  @ Tue, 06 Oct 2020 10:49:43:
	 Calculating indel distribution based on the length of the reads... 

INFO  @ Tue, 06 Oct 2020 10:49:44:
	 Done! 

INFO  @ Tue, 06 Oct 2020 10:49:44:
	 Reacquainting Read IDs with Phred33 Qualities 

INFO  @ Tue, 06 Oct 2020 10:49:59:
	 Calculating alleles frequencies... 

INFO  @ Tue, 06 Oct 2020 10:50:05:
	 Done! 

INFO  @ Tue, 06 Oct 2020 10:50:05:
	 Making Plots... 

/nfs/users/nfs_b/bs15/.local/lib/python2.7/site-packages/matplotlib/cbook/deprecation.py:107: MatplotlibDeprecationWarning: stem() got an unexpected keyword argument 'lw'. This will raise a TypeError in future versions.
  warnings.warn(message, mplDeprecation, stacklevel=1)
INFO  @ Tue, 06 Oct 2020 10:50:26:
	 Done! 

INFO  @ Tue, 06 Oct 2020 10:50:26:
	 Removing Intermediate files... 

INFO  @ Tue, 06 Oct 2020 10:50:26:
	 Saving processed data... 

INFO  @ Tue, 06 Oct 2020 10:50:27:
	 All Done! 

