INFO  @ Tue, 06 Oct 2020 10:47:25:
	 Cut Points from guide seq:[102] 

INFO  @ Tue, 06 Oct 2020 10:47:25:
	 Creating Folder /lustre/scratch117/sciops/team87/MiSeq/miseq_093/S13_expCHAC2_Exon3/CRISPResso_on_13_S13_L001_R1_001_13_S13_L001_R2_001 

INFO  @ Tue, 06 Oct 2020 10:47:25:
	 Done! 

INFO  @ Tue, 06 Oct 2020 10:47:25:
	 Estimating average read length... 

INFO  @ Tue, 06 Oct 2020 10:47:26:
	 Merging paired sequences with Flash... 

INFO  @ Tue, 06 Oct 2020 10:47:27:
	 Done! 

INFO  @ Tue, 06 Oct 2020 10:47:27:
	 Preparing files for the alignment... 

INFO  @ Tue, 06 Oct 2020 10:47:27:
	 Done! 

INFO  @ Tue, 06 Oct 2020 10:47:27:
	 Gathering Phred33 qualities 

INFO  @ Tue, 06 Oct 2020 10:47:29:
	 Aligning sequences... 

INFO  @ Tue, 06 Oct 2020 10:48:07:
	 Align sequences to reverse complement of the amplicon... 

INFO  @ Tue, 06 Oct 2020 10:48:07:
	 Done! 

INFO  @ Tue, 06 Oct 2020 10:48:43:
	 Quantifying indels/substitutions... 

CRITICAL @ Tue, 06 Oct 2020 10:48:43:
	 Alignment error, please check your input.

ERROR: Zero sequences aligned, please check your amplicon sequence 

