INFO  @ Thu, 08 Oct 2020 12:56:46:
	 Cut Points from guide seq:[53] 

INFO  @ Thu, 08 Oct 2020 12:56:46:
	 Creating Folder /lustre/scratch117/sciops/team87/MiSeq/miseq_093/S74_expCHAC2_DD/CRISPResso_on_74_S74_L001_R1_001_74_S74_L001_R2_001 

INFO  @ Thu, 08 Oct 2020 12:56:46:
	 Done! 

INFO  @ Thu, 08 Oct 2020 12:56:47:
	 Estimating average read length... 

INFO  @ Thu, 08 Oct 2020 12:56:47:
	 Merging paired sequences with Flash... 

INFO  @ Thu, 08 Oct 2020 12:56:48:
	 Done! 

INFO  @ Thu, 08 Oct 2020 12:56:49:
	 Preparing files for the alignment... 

INFO  @ Thu, 08 Oct 2020 12:56:49:
	 Done! 

INFO  @ Thu, 08 Oct 2020 12:56:49:
	 Gathering Phred33 qualities 

INFO  @ Thu, 08 Oct 2020 12:56:51:
	 Aligning sequences... 

INFO  @ Thu, 08 Oct 2020 12:58:03:
	 Done! 

INFO  @ Thu, 08 Oct 2020 12:58:08:
	 Align sequences to reverse complement of the amplicon... 

INFO  @ Thu, 08 Oct 2020 12:58:08:
	 Done! 

INFO  @ Thu, 08 Oct 2020 12:59:24:
	 Quantifying indels/substitutions... 

CRITICAL @ Thu, 08 Oct 2020 12:59:24:
	 Alignment error, please check your input.

ERROR: Zero sequences aligned, please check your amplicon sequence 

