INFO  @ Tue, 06 Oct 2020 10:47:56:
	 Cut Points from guide seq:[102] 

INFO  @ Tue, 06 Oct 2020 10:47:56:
	 Creating Folder /lustre/scratch117/sciops/team87/MiSeq/miseq_093/S96_expCHAC2_Exon3/CRISPResso_on_96_S96_L001_R1_001_96_S96_L001_R2_001 

INFO  @ Tue, 06 Oct 2020 10:47:56:
	 Done! 

INFO  @ Tue, 06 Oct 2020 10:47:56:
	 Estimating average read length... 

INFO  @ Tue, 06 Oct 2020 10:47:56:
	 Merging paired sequences with Flash... 

INFO  @ Tue, 06 Oct 2020 10:47:59:
	 Done! 

INFO  @ Tue, 06 Oct 2020 10:47:59:
	 Preparing files for the alignment... 

INFO  @ Tue, 06 Oct 2020 10:47:59:
	 Done! 

INFO  @ Tue, 06 Oct 2020 10:47:59:
	 Gathering Phred33 qualities 

INFO  @ Tue, 06 Oct 2020 10:48:01:
	 Aligning sequences... 

INFO  @ Tue, 06 Oct 2020 10:48:53:
	 Align sequences to reverse complement of the amplicon... 

INFO  @ Tue, 06 Oct 2020 10:48:53:
	 Done! 

INFO  @ Tue, 06 Oct 2020 10:49:47:
	 Quantifying indels/substitutions... 

CRITICAL @ Tue, 06 Oct 2020 10:49:47:
	 Alignment error, please check your input.

ERROR: Zero sequences aligned, please check your amplicon sequence 

