INFO  @ Thu, 08 Oct 2020 12:56:47:
	 Cut Points from guide seq:[53] 

INFO  @ Thu, 08 Oct 2020 12:56:47:
	 Creating Folder /lustre/scratch117/sciops/team87/MiSeq/miseq_093/S76_expCHAC2_DD/CRISPResso_on_76_S76_L001_R1_001_76_S76_L001_R2_001 

INFO  @ Thu, 08 Oct 2020 12:56:47:
	 Done! 

INFO  @ Thu, 08 Oct 2020 12:56:47:
	 Estimating average read length... 

INFO  @ Thu, 08 Oct 2020 12:56:48:
	 Merging paired sequences with Flash... 

INFO  @ Thu, 08 Oct 2020 12:56:50:
	 Done! 

INFO  @ Thu, 08 Oct 2020 12:56:50:
	 Preparing files for the alignment... 

INFO  @ Thu, 08 Oct 2020 12:56:50:
	 Done! 

INFO  @ Thu, 08 Oct 2020 12:56:50:
	 Gathering Phred33 qualities 

INFO  @ Thu, 08 Oct 2020 12:56:53:
	 Aligning sequences... 

INFO  @ Thu, 08 Oct 2020 12:58:36:
	 Done! 

INFO  @ Thu, 08 Oct 2020 12:58:42:
	 Align sequences to reverse complement of the amplicon... 

INFO  @ Thu, 08 Oct 2020 12:58:42:
	 Done! 

INFO  @ Thu, 08 Oct 2020 13:00:18:
	 Quantifying indels/substitutions... 

CRITICAL @ Thu, 08 Oct 2020 13:00:18:
	 Alignment error, please check your input.

ERROR: Zero sequences aligned, please check your amplicon sequence 

