INFO  @ Tue, 06 Oct 2020 10:47:51:
	 Cut Points from guide seq:[102] 

INFO  @ Tue, 06 Oct 2020 10:47:51:
	 Creating Folder /lustre/scratch117/sciops/team87/MiSeq/miseq_093/S75_expCHAC2_Exon3/CRISPResso_on_75_S75_L001_R1_001_75_S75_L001_R2_001 

INFO  @ Tue, 06 Oct 2020 10:47:51:
	 Done! 

INFO  @ Tue, 06 Oct 2020 10:47:51:
	 Estimating average read length... 

INFO  @ Tue, 06 Oct 2020 10:47:51:
	 Merging paired sequences with Flash... 

INFO  @ Tue, 06 Oct 2020 10:47:53:
	 Done! 

INFO  @ Tue, 06 Oct 2020 10:47:54:
	 Preparing files for the alignment... 

INFO  @ Tue, 06 Oct 2020 10:47:54:
	 Done! 

INFO  @ Tue, 06 Oct 2020 10:47:54:
	 Gathering Phred33 qualities 

INFO  @ Tue, 06 Oct 2020 10:47:57:
	 Aligning sequences... 

INFO  @ Tue, 06 Oct 2020 10:49:01:
	 Align sequences to reverse complement of the amplicon... 

INFO  @ Tue, 06 Oct 2020 10:49:01:
	 Done! 

INFO  @ Tue, 06 Oct 2020 10:50:05:
	 Quantifying indels/substitutions... 

CRITICAL @ Tue, 06 Oct 2020 10:50:05:
	 Alignment error, please check your input.

ERROR: Zero sequences aligned, please check your amplicon sequence 

