INFO  @ Thu, 08 Oct 2020 12:56:49:
	 Cut Points from guide seq:[53] 

INFO  @ Thu, 08 Oct 2020 12:56:50:
	 Creating Folder /lustre/scratch117/sciops/team87/MiSeq/miseq_093/S80_expCHAC2_DD/CRISPResso_on_80_S80_L001_R1_001_80_S80_L001_R2_001 

INFO  @ Thu, 08 Oct 2020 12:56:50:
	 Done! 

INFO  @ Thu, 08 Oct 2020 12:56:50:
	 Estimating average read length... 

INFO  @ Thu, 08 Oct 2020 12:56:50:
	 Merging paired sequences with Flash... 

INFO  @ Thu, 08 Oct 2020 12:56:52:
	 Done! 

INFO  @ Thu, 08 Oct 2020 12:56:52:
	 Preparing files for the alignment... 

INFO  @ Thu, 08 Oct 2020 12:56:52:
	 Done! 

INFO  @ Thu, 08 Oct 2020 12:56:52:
	 Gathering Phred33 qualities 

INFO  @ Thu, 08 Oct 2020 12:56:56:
	 Aligning sequences... 

INFO  @ Thu, 08 Oct 2020 12:58:12:
	 Done! 

INFO  @ Thu, 08 Oct 2020 12:58:17:
	 Align sequences to reverse complement of the amplicon... 

INFO  @ Thu, 08 Oct 2020 12:58:17:
	 Done! 

INFO  @ Thu, 08 Oct 2020 12:59:40:
	 Quantifying indels/substitutions... 

CRITICAL @ Thu, 08 Oct 2020 12:59:40:
	 Alignment error, please check your input.

ERROR: Zero sequences aligned, please check your amplicon sequence 

