INFO  @ Tue, 06 Oct 2020 10:46:42:
	 Cut Points from guide seq:[107] 

INFO  @ Tue, 06 Oct 2020 10:46:42:
	 Creating Folder /lustre/scratch117/sciops/team87/MiSeq/miseq_093/S149_expHUEDQ0559_KMT5B_2/CRISPResso_on_149_S149_L001_R1_001_149_S149_L001_R2_001 

INFO  @ Tue, 06 Oct 2020 10:46:42:
	 Done! 

INFO  @ Tue, 06 Oct 2020 10:46:42:
	 Estimating average read length... 

INFO  @ Tue, 06 Oct 2020 10:46:42:
	 Merging paired sequences with Flash... 

INFO  @ Tue, 06 Oct 2020 10:46:44:
	 Done! 

INFO  @ Tue, 06 Oct 2020 10:46:45:
	 Preparing files for the alignment... 

INFO  @ Tue, 06 Oct 2020 10:46:45:
	 Done! 

INFO  @ Tue, 06 Oct 2020 10:46:45:
	 Gathering Phred33 qualities 

INFO  @ Tue, 06 Oct 2020 10:46:47:
	 Aligning sequences... 

INFO  @ Tue, 06 Oct 2020 10:47:33:
	 Align sequences to reverse complement of the amplicon... 

INFO  @ Tue, 06 Oct 2020 10:47:33:
	 Done! 

INFO  @ Tue, 06 Oct 2020 10:47:33:
	 Quantifying indels/substitutions... 

INFO  @ Tue, 06 Oct 2020 10:50:28:
	 Done! 

INFO  @ Tue, 06 Oct 2020 10:50:28:
	 Calculating indel distribution based on the length of the reads... 

INFO  @ Tue, 06 Oct 2020 10:50:32:
	 Done! 

INFO  @ Tue, 06 Oct 2020 10:50:32:
	 Reacquainting Read IDs with Phred33 Qualities 

INFO  @ Tue, 06 Oct 2020 10:53:12:
	 Calculating alleles frequencies... 

INFO  @ Tue, 06 Oct 2020 10:53:23:
	 Done! 

INFO  @ Tue, 06 Oct 2020 10:53:23:
	 Making Plots... 

/nfs/users/nfs_b/bs15/.local/lib/python2.7/site-packages/matplotlib/cbook/deprecation.py:107: MatplotlibDeprecationWarning: stem() got an unexpected keyword argument 'lw'. This will raise a TypeError in future versions.
  warnings.warn(message, mplDeprecation, stacklevel=1)
INFO  @ Tue, 06 Oct 2020 10:53:45:
	 Done! 

INFO  @ Tue, 06 Oct 2020 10:53:45:
	 Removing Intermediate files... 

INFO  @ Tue, 06 Oct 2020 10:53:45:
	 Saving processed data... 

INFO  @ Tue, 06 Oct 2020 10:53:46:
	 All Done! 

